TN:
SF:/Users/rafaeljesus/maremar/app.js
FN:48,(anonymous_1)
FNF:1
FNH:1
FNDA:1,(anonymous_1)
DA:1,1
DA:20,1
DA:21,1
DA:22,1
DA:23,1
DA:24,1
DA:25,1
DA:26,1
DA:27,1
DA:28,1
DA:35,1
DA:36,1
DA:38,1
DA:43,1
DA:46,1
DA:48,1
DA:49,1
DA:52,1
LF:18
LH:18
BRDA:46,1,0,1
BRDA:46,1,1,1
BRF:2
BRH:2
end_of_record
TN:
SF:/Users/rafaeljesus/maremar/lib/redis_connect.js
FN:6,(anonymous_1)
FN:10,(anonymous_2)
FNF:2
FNH:2
FNDA:1,(anonymous_1)
FNDA:1,(anonymous_2)
DA:1,1
DA:6,1
DA:7,1
DA:10,1
DA:11,1
LF:5
LH:5
BRF:0
BRH:0
end_of_record
TN:
SF:/Users/rafaeljesus/maremar/app/models/trip.js
FN:1,(anonymous_1)
FN:25,(anonymous_2)
FN:30,(anonymous_3)
FN:35,(anonymous_4)
FN:42,(anonymous_5)
FN:43,(anonymous_6)
FN:49,(anonymous_7)
FN:50,(anonymous_8)
FN:56,(anonymous_9)
FN:63,(anonymous_10)
FN:69,(anonymous_11)
FNF:11
FNH:9
FNDA:1,(anonymous_1)
FNDA:3,(anonymous_2)
FNDA:1,(anonymous_3)
FNDA:4,(anonymous_4)
FNDA:2,(anonymous_5)
FNDA:2,(anonymous_6)
FNDA:1,(anonymous_7)
FNDA:1,(anonymous_8)
FNDA:0,(anonymous_9)
FNDA:0,(anonymous_10)
FNDA:9,(anonymous_11)
DA:1,1
DA:3,1
DA:8,1
DA:25,1
DA:26,3
DA:27,3
DA:30,1
DA:31,1
DA:32,1
DA:35,1
DA:36,4
DA:39,4
DA:42,1
DA:43,2
DA:44,2
DA:45,2
DA:49,1
DA:50,1
DA:51,1
DA:52,1
DA:56,1
DA:57,0
DA:64,0
DA:65,0
DA:69,1
DA:70,9
DA:71,9
DA:72,9
DA:73,9
DA:75,9
DA:76,9
DA:77,114
DA:80,9
DA:83,1
LF:34
LH:31
BRDA:44,1,0,0
BRDA:44,1,1,2
BRDA:51,2,0,0
BRDA:51,2,1,1
BRDA:64,3,0,0
BRDA:64,3,1,0
BRDA:72,4,0,9
BRDA:72,4,1,0
BRDA:75,5,0,9
BRDA:75,5,1,0
BRF:10
BRH:4
end_of_record
TN:
SF:/Users/rafaeljesus/maremar/lib/db_connect.js
FN:9,(anonymous_1)
FNF:1
FNH:1
FNDA:3,(anonymous_1)
DA:1,1
DA:9,1
DA:10,3
DA:12,3
DA:13,1
DA:16,3
LF:6
LH:6
BRDA:12,1,0,1
BRDA:12,1,1,2
BRF:2
BRH:2
end_of_record
TN:
SF:/Users/rafaeljesus/maremar/app/models/user.js
FN:1,(anonymous_1)
FN:23,(anonymous_2)
FN:31,(anonymous_3)
FN:37,(anonymous_4)
FN:40,(anonymous_5)
FN:46,(anonymous_6)
FN:50,(anonymous_7)
FN:56,(anonymous_8)
FN:57,(anonymous_9)
FN:76,(anonymous_10)
FNF:10
FNH:8
FNDA:1,(anonymous_1)
FNDA:12,(anonymous_2)
FNDA:12,(anonymous_3)
FNDA:3,(anonymous_4)
FNDA:3,(anonymous_5)
FNDA:1,(anonymous_6)
FNDA:1,(anonymous_7)
FNDA:0,(anonymous_8)
FNDA:0,(anonymous_9)
FNDA:11,(anonymous_10)
DA:1,1
DA:3,1
DA:8,1
DA:23,1
DA:24,12
DA:25,12
DA:26,12
DA:31,12
DA:32,12
DA:33,11
DA:37,1
DA:38,3
DA:39,3
DA:40,3
DA:41,3
DA:42,3
DA:46,1
DA:47,1
DA:48,1
DA:49,1
DA:50,1
DA:51,1
DA:52,1
DA:56,1
DA:57,0
DA:58,0
DA:76,1
DA:77,11
DA:78,11
DA:79,11
DA:80,11
DA:82,11
DA:85,1
LF:33
LH:31
BRDA:32,1,0,1
BRDA:32,1,1,11
BRDA:41,2,0,0
BRDA:41,2,1,3
BRDA:51,3,0,0
BRDA:51,3,1,1
BRDA:58,4,0,0
BRDA:58,4,1,0
BRDA:79,5,0,11
BRDA:79,5,1,0
BRF:10
BRH:5
end_of_record
TN:
SF:/Users/rafaeljesus/maremar/app/models/vehicle.js
FN:1,(anonymous_1)
FN:16,(anonymous_2)
FNF:2
FNH:2
FNDA:1,(anonymous_1)
FNDA:12,(anonymous_2)
DA:1,1
DA:3,1
DA:7,1
DA:16,1
DA:17,12
DA:18,12
DA:19,12
DA:20,11
DA:22,12
DA:25,1
LF:10
LH:10
BRDA:19,1,0,11
BRDA:19,1,1,1
BRF:2
BRH:2
end_of_record
TN:
SF:/Users/rafaeljesus/maremar/app/controllers/authentication.js
FN:1,(anonymous_1)
FN:7,(anonymous_2)
FN:8,(anonymous_3)
FN:19,(anonymous_4)
FN:20,(anonymous_5)
FN:31,(anonymous_6)
FN:34,(anonymous_7)
FN:40,(anonymous_8)
FNF:8
FNH:8
FNDA:1,(anonymous_1)
FNDA:1,(anonymous_2)
FNDA:1,(anonymous_3)
FNDA:1,(anonymous_4)
FNDA:1,(anonymous_5)
FNDA:1,(anonymous_6)
FNDA:1,(anonymous_7)
FNDA:1,(anonymous_8)
DA:1,1
DA:3,1
DA:5,1
DA:8,1
DA:9,1
DA:10,1
DA:15,1
DA:20,1
DA:21,1
DA:22,1
DA:27,1
DA:32,1
DA:34,1
DA:35,1
DA:36,1
DA:41,1
DA:42,1
DA:46,1
LF:18
LH:18
BRDA:9,1,0,0
BRDA:9,1,1,1
BRDA:21,2,0,0
BRDA:21,2,1,1
BRDA:35,3,0,0
BRDA:35,3,1,1
BRF:6
BRH:3
end_of_record
TN:
SF:/Users/rafaeljesus/maremar/app/controllers/home.js
FN:1,(anonymous_1)
FN:4,(anonymous_2)
FNF:2
FNH:2
FNDA:1,(anonymous_1)
FNDA:1,(anonymous_2)
DA:1,1
DA:3,1
DA:5,1
DA:9,1
LF:4
LH:4
BRF:0
BRH:0
end_of_record
TN:
SF:/Users/rafaeljesus/maremar/app/controllers/trip.js
FN:1,(anonymous_1)
FN:7,(anonymous_2)
FN:8,(anonymous_3)
FN:14,(anonymous_4)
FN:15,(anonymous_5)
FN:21,(anonymous_6)
FN:23,(anonymous_7)
FN:29,(anonymous_8)
FN:32,(anonymous_9)
FN:38,(anonymous_10)
FN:40,(anonymous_11)
FNF:11
FNH:9
FNDA:1,(anonymous_1)
FNDA:1,(anonymous_2)
FNDA:1,(anonymous_3)
FNDA:0,(anonymous_4)
FNDA:0,(anonymous_5)
FNDA:1,(anonymous_6)
FNDA:1,(anonymous_7)
FNDA:1,(anonymous_8)
FNDA:1,(anonymous_9)
FNDA:1,(anonymous_10)
FNDA:1,(anonymous_11)
DA:1,1
DA:3,1
DA:5,1
DA:8,1
DA:9,1
DA:10,1
DA:15,0
DA:16,0
DA:17,0
DA:22,1
DA:23,1
DA:24,1
DA:25,1
DA:30,1
DA:32,1
DA:33,1
DA:34,1
DA:39,1
DA:40,1
DA:41,1
DA:42,1
DA:48,1
LF:22
LH:19
BRDA:9,1,0,0
BRDA:9,1,1,1
BRDA:16,2,0,0
BRDA:16,2,1,0
BRDA:24,3,0,0
BRDA:24,3,1,1
BRDA:33,4,0,0
BRDA:33,4,1,1
BRDA:41,5,0,0
BRDA:41,5,1,1
BRF:10
BRH:4
end_of_record
TN:
SF:/Users/rafaeljesus/maremar/app/controllers/vehicle.js
FN:1,(anonymous_1)
FN:7,(anonymous_2)
FN:15,(anonymous_3)
FN:16,(anonymous_4)
FN:21,(anonymous_5)
FN:26,(anonymous_6)
FN:37,(anonymous_7)
FN:43,(anonymous_8)
FN:48,(anonymous_9)
FN:56,(anonymous_10)
FN:58,(anonymous_11)
FN:64,(anonymous_12)
FN:66,(anonymous_13)
FNF:13
FNH:13
FNDA:1,(anonymous_1)
FNDA:2,(anonymous_2)
FNDA:1,(anonymous_3)
FNDA:1,(anonymous_4)
FNDA:2,(anonymous_5)
FNDA:2,(anonymous_6)
FNDA:1,(anonymous_7)
FNDA:1,(anonymous_8)
FNDA:1,(anonymous_9)
FNDA:1,(anonymous_10)
FNDA:1,(anonymous_11)
FNDA:1,(anonymous_12)
FNDA:1,(anonymous_13)
DA:1,1
DA:3,1
DA:7,1
DA:8,2
DA:9,2
DA:10,2
DA:13,1
DA:16,1
DA:17,1
DA:22,2
DA:23,2
DA:24,2
DA:25,2
DA:26,2
DA:27,2
DA:36,2
DA:37,1
DA:38,1
DA:39,1
DA:40,1
DA:41,1
DA:42,1
DA:43,1
DA:44,1
DA:48,1
DA:49,1
DA:50,1
DA:57,1
DA:58,1
DA:59,1
DA:60,1
DA:65,1
DA:66,1
DA:67,1
DA:68,1
DA:69,1
DA:74,1
LF:37
LH:37
BRDA:8,1,0,0
BRDA:8,1,1,2
BRDA:32,2,0,2
BRDA:32,2,1,0
BRDA:33,3,0,2
BRDA:33,3,1,0
BRDA:36,4,0,1
BRDA:36,4,1,1
BRDA:38,5,0,0
BRDA:38,5,1,1
BRDA:49,6,0,0
BRDA:49,6,1,1
BRDA:59,7,0,0
BRDA:59,7,1,1
BRDA:67,8,0,0
BRDA:67,8,1,1
BRF:16
BRH:9
end_of_record
TN:
SF:/Users/rafaeljesus/maremar/app/routes/authentication.js
FN:1,(anonymous_1)
FNF:1
FNH:1
FNDA:1,(anonymous_1)
DA:1,1
DA:3,1
DA:5,1
DA:6,1
DA:8,1
DA:9,1
LF:6
LH:6
BRF:0
BRH:0
end_of_record
TN:
SF:/Users/rafaeljesus/maremar/app/routes/home.js
FN:1,(anonymous_1)
FNF:1
FNH:1
FNDA:1,(anonymous_1)
DA:1,1
DA:3,1
DA:4,1
LF:3
LH:3
BRF:0
BRH:0
end_of_record
TN:
SF:/Users/rafaeljesus/maremar/app/routes/trip.js
FN:1,(anonymous_1)
FNF:1
FNH:1
FNDA:1,(anonymous_1)
DA:1,1
DA:3,1
DA:5,1
DA:6,1
DA:7,1
DA:8,1
DA:9,1
LF:7
LH:7
BRF:0
BRH:0
end_of_record
TN:
SF:/Users/rafaeljesus/maremar/app/routes/vehicle.js
FN:1,(anonymous_1)
FNF:1
FNH:1
FNDA:1,(anonymous_1)
DA:1,1
DA:3,1
DA:6,1
DA:7,1
DA:8,1
DA:9,1
LF:6
LH:6
BRF:0
BRH:0
end_of_record
TN:
SF:/Users/rafaeljesus/maremar/sockets/sync-trips.js
FN:1,(anonymous_1)
FN:8,(anonymous_2)
FN:9,(anonymous_3)
FN:10,(anonymous_4)
FNF:4
FNH:1
FNDA:1,(anonymous_1)
FNDA:0,(anonymous_2)
FNDA:0,(anonymous_3)
FNDA:0,(anonymous_4)
DA:1,1
DA:3,1
DA:8,1
DA:9,0
DA:10,0
DA:11,0
LF:6
LH:3
BRF:0
BRH:0
end_of_record
