{"/Users/rafaeljesus/maremar/app.js":{"path":"/Users/rafaeljesus/maremar/app.js","s":{"1":1,"2":1,"3":1,"4":1,"5":1,"6":1,"7":1,"8":1,"9":1,"10":1,"11":1,"12":1,"13":1,"14":1,"15":1,"16":1,"17":1,"18":1},"b":{"1":[1,1]},"f":{"1":1},"fnMap":{"1":{"name":"(anonymous_1)","line":48,"loc":{"start":{"line":48,"column":20},"end":{"line":48,"column":30}}}},"statementMap":{"1":{"start":{"line":1,"column":0},"end":{"line":18,"column":3}},"2":{"start":{"line":20,"column":0},"end":{"line":20,"column":52}},"3":{"start":{"line":21,"column":0},"end":{"line":21,"column":30}},"4":{"start":{"line":22,"column":0},"end":{"line":22,"column":32}},"5":{"start":{"line":23,"column":0},"end":{"line":23,"column":19}},"6":{"start":{"line":24,"column":0},"end":{"line":24,"column":27}},"7":{"start":{"line":25,"column":0},"end":{"line":25,"column":33}},"8":{"start":{"line":26,"column":0},"end":{"line":26,"column":26}},"9":{"start":{"line":27,"column":0},"end":{"line":27,"column":24}},"10":{"start":{"line":28,"column":0},"end":{"line":34,"column":4}},"11":{"start":{"line":35,"column":0},"end":{"line":35,"column":76}},"12":{"start":{"line":36,"column":0},"end":{"line":36,"column":35}},"13":{"start":{"line":38,"column":0},"end":{"line":41,"column":13}},"14":{"start":{"line":43,"column":0},"end":{"line":44,"column":12}},"15":{"start":{"line":46,"column":0},"end":{"line":46,"column":44}},"16":{"start":{"line":48,"column":0},"end":{"line":50,"column":3}},"17":{"start":{"line":49,"column":2},"end":{"line":49,"column":61}},"18":{"start":{"line":52,"column":0},"end":{"line":52,"column":21}}},"branchMap":{"1":{"line":46,"type":"binary-expr","locations":[{"start":{"line":46,"column":18},"end":{"line":46,"column":34}},{"start":{"line":46,"column":38},"end":{"line":46,"column":42}}]}}},"/Users/rafaeljesus/maremar/lib/redis_connect.js":{"path":"/Users/rafaeljesus/maremar/lib/redis_connect.js","s":{"1":1,"2":1,"3":1,"4":1,"5":1},"b":{},"f":{"1":1,"2":1},"fnMap":{"1":{"name":"(anonymous_1)","line":6,"loc":{"start":{"line":6,"column":20},"end":{"line":6,"column":31}}},"2":{"name":"(anonymous_2)","line":10,"loc":{"start":{"line":10,"column":26},"end":{"line":10,"column":37}}}},"statementMap":{"1":{"start":{"line":1,"column":0},"end":{"line":4,"column":1}},"2":{"start":{"line":6,"column":0},"end":{"line":10,"column":0}},"3":{"start":{"line":7,"column":2},"end":{"line":7,"column":30}},"4":{"start":{"line":10,"column":0},"end":{"line":14,"column":0}},"5":{"start":{"line":11,"column":2},"end":{"line":11,"column":29}}},"branchMap":{}},"/Users/rafaeljesus/maremar/app/models/trip.js":{"path":"/Users/rafaeljesus/maremar/app/models/trip.js","s":{"1":1,"2":1,"3":1,"4":1,"5":3,"6":3,"7":1,"8":1,"9":1,"10":1,"11":4,"12":4,"13":1,"14":2,"15":2,"16":0,"17":2,"18":1,"19":1,"20":1,"21":0,"22":1,"23":1,"24":0,"25":0,"26":0,"27":0,"28":1,"29":9,"30":9,"31":9,"32":9,"33":9,"34":9,"35":114,"36":9,"37":1},"b":{"1":[0,2],"2":[0,1],"3":[0,0],"4":[9,0],"5":[9,0]},"f":{"1":1,"2":3,"3":1,"4":4,"5":2,"6":2,"7":1,"8":1,"9":0,"10":0,"11":9},"fnMap":{"1":{"name":"(anonymous_1)","line":1,"loc":{"start":{"line":1,"column":17},"end":{"line":1,"column":31}}},"2":{"name":"(anonymous_2)","line":25,"loc":{"start":{"line":25,"column":14},"end":{"line":25,"column":25}}},"3":{"name":"(anonymous_3)","line":30,"loc":{"start":{"line":30,"column":17},"end":{"line":30,"column":28}}},"4":{"name":"(anonymous_4)","line":35,"loc":{"start":{"line":35,"column":15},"end":{"line":35,"column":30}}},"5":{"name":"(anonymous_5)","line":42,"loc":{"start":{"line":42,"column":32},"end":{"line":42,"column":45}}},"6":{"name":"(anonymous_6)","line":43,"loc":{"start":{"line":43,"column":50},"end":{"line":43,"column":69}}},"7":{"name":"(anonymous_7)","line":49,"loc":{"start":{"line":49,"column":31},"end":{"line":49,"column":44}}},"8":{"name":"(anonymous_8)","line":50,"loc":{"start":{"line":50,"column":68},"end":{"line":50,"column":87}}},"9":{"name":"(anonymous_9)","line":56,"loc":{"start":{"line":56,"column":22},"end":{"line":56,"column":41}}},"10":{"name":"(anonymous_10)","line":63,"loc":{"start":{"line":63,"column":11},"end":{"line":63,"column":30}}},"11":{"name":"(anonymous_11)","line":69,"loc":{"start":{"line":69,"column":19},"end":{"line":69,"column":34}}}},"statementMap":{"1":{"start":{"line":1,"column":0},"end":{"line":85,"column":2}},"2":{"start":{"line":3,"column":2},"end":{"line":6,"column":3}},"3":{"start":{"line":8,"column":2},"end":{"line":23,"column":5}},"4":{"start":{"line":25,"column":2},"end":{"line":28,"column":4}},"5":{"start":{"line":26,"column":4},"end":{"line":27,"column":4}},"6":{"start":{"line":27,"column":4},"end":{"line":27,"column":23}},"7":{"start":{"line":30,"column":2},"end":{"line":33,"column":4}},"8":{"start":{"line":31,"column":4},"end":{"line":31,"column":40}},"9":{"start":{"line":32,"column":4},"end":{"line":32,"column":28}},"10":{"start":{"line":35,"column":2},"end":{"line":40,"column":4}},"11":{"start":{"line":36,"column":4},"end":{"line":38,"column":26}},"12":{"start":{"line":39,"column":4},"end":{"line":39,"column":38}},"13":{"start":{"line":42,"column":2},"end":{"line":47,"column":4}},"14":{"start":{"line":43,"column":4},"end":{"line":46,"column":7}},"15":{"start":{"line":44,"column":6},"end":{"line":44,"column":30}},"16":{"start":{"line":44,"column":15},"end":{"line":44,"column":30}},"17":{"start":{"line":45,"column":6},"end":{"line":45,"column":20}},"18":{"start":{"line":49,"column":2},"end":{"line":54,"column":4}},"19":{"start":{"line":50,"column":4},"end":{"line":53,"column":7}},"20":{"start":{"line":51,"column":6},"end":{"line":51,"column":30}},"21":{"start":{"line":51,"column":15},"end":{"line":51,"column":30}},"22":{"start":{"line":52,"column":6},"end":{"line":52,"column":20}},"23":{"start":{"line":56,"column":2},"end":{"line":67,"column":4}},"24":{"start":{"line":57,"column":4},"end":{"line":66,"column":11}},"25":{"start":{"line":64,"column":10},"end":{"line":64,"column":34}},"26":{"start":{"line":64,"column":19},"end":{"line":64,"column":34}},"27":{"start":{"line":65,"column":10},"end":{"line":65,"column":24}},"28":{"start":{"line":69,"column":2},"end":{"line":81,"column":5}},"29":{"start":{"line":70,"column":4},"end":{"line":70,"column":25}},"30":{"start":{"line":71,"column":4},"end":{"line":71,"column":25}},"31":{"start":{"line":72,"column":4},"end":{"line":74,"column":5}},"32":{"start":{"line":73,"column":6},"end":{"line":73,"column":27}},"33":{"start":{"line":75,"column":4},"end":{"line":79,"column":5}},"34":{"start":{"line":76,"column":6},"end":{"line":78,"column":7}},"35":{"start":{"line":77,"column":8},"end":{"line":77,"column":44}},"36":{"start":{"line":80,"column":4},"end":{"line":80,"column":11}},"37":{"start":{"line":83,"column":2},"end":{"line":83,"column":33}}},"branchMap":{"1":{"line":44,"type":"if","locations":[{"start":{"line":44,"column":6},"end":{"line":44,"column":6}},{"start":{"line":44,"column":6},"end":{"line":44,"column":6}}]},"2":{"line":51,"type":"if","locations":[{"start":{"line":51,"column":6},"end":{"line":51,"column":6}},{"start":{"line":51,"column":6},"end":{"line":51,"column":6}}]},"3":{"line":64,"type":"if","locations":[{"start":{"line":64,"column":10},"end":{"line":64,"column":10}},{"start":{"line":64,"column":10},"end":{"line":64,"column":10}}]},"4":{"line":72,"type":"if","locations":[{"start":{"line":72,"column":4},"end":{"line":72,"column":4}},{"start":{"line":72,"column":4},"end":{"line":72,"column":4}}]},"5":{"line":75,"type":"if","locations":[{"start":{"line":75,"column":4},"end":{"line":75,"column":4}},{"start":{"line":75,"column":4},"end":{"line":75,"column":4}}]}}},"/Users/rafaeljesus/maremar/lib/db_connect.js":{"path":"/Users/rafaeljesus/maremar/lib/db_connect.js","s":{"1":1,"2":1,"3":3,"4":3,"5":1,"6":3},"b":{"1":[1,2]},"f":{"1":3},"fnMap":{"1":{"name":"(anonymous_1)","line":9,"loc":{"start":{"line":9,"column":17},"end":{"line":9,"column":28}}}},"statementMap":{"1":{"start":{"line":1,"column":0},"end":{"line":7,"column":1}},"2":{"start":{"line":9,"column":0},"end":{"line":17,"column":2}},"3":{"start":{"line":10,"column":2},"end":{"line":10,"column":42}},"4":{"start":{"line":12,"column":2},"end":{"line":14,"column":3}},"5":{"start":{"line":13,"column":4},"end":{"line":13,"column":46}},"6":{"start":{"line":16,"column":2},"end":{"line":16,"column":27}}},"branchMap":{"1":{"line":12,"type":"if","locations":[{"start":{"line":12,"column":2},"end":{"line":12,"column":2}},{"start":{"line":12,"column":2},"end":{"line":12,"column":2}}]}}},"/Users/rafaeljesus/maremar/app/models/user.js":{"path":"/Users/rafaeljesus/maremar/app/models/user.js","s":{"1":1,"2":1,"3":1,"4":1,"5":12,"6":12,"7":12,"8":12,"9":12,"10":1,"11":11,"12":1,"13":3,"14":3,"15":3,"16":3,"17":0,"18":3,"19":1,"20":1,"21":1,"22":1,"23":1,"24":1,"25":0,"26":1,"27":1,"28":0,"29":0,"30":0,"31":1,"32":11,"33":11,"34":11,"35":11,"36":11,"37":1},"b":{"1":[1,11],"2":[0,3],"3":[0,1],"4":[0,0],"5":[11,0]},"f":{"1":1,"2":12,"3":12,"4":3,"5":3,"6":1,"7":1,"8":0,"9":0,"10":11},"fnMap":{"1":{"name":"(anonymous_1)","line":1,"loc":{"start":{"line":1,"column":17},"end":{"line":1,"column":31}}},"2":{"name":"(anonymous_2)","line":23,"loc":{"start":{"line":23,"column":26},"end":{"line":23,"column":45}}},"3":{"name":"(anonymous_3)","line":31,"loc":{"start":{"line":31,"column":32},"end":{"line":31,"column":51}}},"4":{"name":"(anonymous_4)","line":37,"loc":{"start":{"line":37,"column":30},"end":{"line":37,"column":49}}},"5":{"name":"(anonymous_5)","line":40,"loc":{"start":{"line":40,"column":79},"end":{"line":40,"column":98}}},"6":{"name":"(anonymous_6)","line":46,"loc":{"start":{"line":46,"column":32},"end":{"line":46,"column":66}}},"7":{"name":"(anonymous_7)","line":50,"loc":{"start":{"line":50,"column":99},"end":{"line":50,"column":129}}},"8":{"name":"(anonymous_8)","line":56,"loc":{"start":{"line":56,"column":32},"end":{"line":56,"column":70}}},"9":{"name":"(anonymous_9)","line":57,"loc":{"start":{"line":57,"column":42},"end":{"line":57,"column":61}}},"10":{"name":"(anonymous_10)","line":76,"loc":{"start":{"line":76,"column":19},"end":{"line":76,"column":34}}}},"statementMap":{"1":{"start":{"line":1,"column":0},"end":{"line":86,"column":2}},"2":{"start":{"line":3,"column":2},"end":{"line":6,"column":3}},"3":{"start":{"line":8,"column":2},"end":{"line":21,"column":5}},"4":{"start":{"line":23,"column":2},"end":{"line":35,"column":4}},"5":{"start":{"line":24,"column":4},"end":{"line":24,"column":45}},"6":{"start":{"line":25,"column":6},"end":{"line":25,"column":35}},"7":{"start":{"line":26,"column":6},"end":{"line":30,"column":8}},"8":{"start":{"line":31,"column":6},"end":{"line":34,"column":9}},"9":{"start":{"line":32,"column":8},"end":{"line":32,"column":32}},"10":{"start":{"line":32,"column":17},"end":{"line":32,"column":32}},"11":{"start":{"line":33,"column":8},"end":{"line":33,"column":22}},"12":{"start":{"line":37,"column":2},"end":{"line":44,"column":4}},"13":{"start":{"line":38,"column":4},"end":{"line":38,"column":45}},"14":{"start":{"line":39,"column":4},"end":{"line":39,"column":33}},"15":{"start":{"line":40,"column":4},"end":{"line":43,"column":7}},"16":{"start":{"line":41,"column":6},"end":{"line":41,"column":30}},"17":{"start":{"line":41,"column":15},"end":{"line":41,"column":30}},"18":{"start":{"line":42,"column":6},"end":{"line":42,"column":20}},"19":{"start":{"line":46,"column":2},"end":{"line":54,"column":4}},"20":{"start":{"line":47,"column":4},"end":{"line":47,"column":45}},"21":{"start":{"line":48,"column":4},"end":{"line":48,"column":31}},"22":{"start":{"line":49,"column":4},"end":{"line":49,"column":46}},"23":{"start":{"line":50,"column":4},"end":{"line":53,"column":7}},"24":{"start":{"line":51,"column":6},"end":{"line":51,"column":30}},"25":{"start":{"line":51,"column":15},"end":{"line":51,"column":30}},"26":{"start":{"line":52,"column":6},"end":{"line":52,"column":51}},"27":{"start":{"line":56,"column":2},"end":{"line":74,"column":4}},"28":{"start":{"line":57,"column":4},"end":{"line":73,"column":7}},"29":{"start":{"line":58,"column":6},"end":{"line":58,"column":30}},"30":{"start":{"line":58,"column":15},"end":{"line":58,"column":30}},"31":{"start":{"line":76,"column":2},"end":{"line":83,"column":5}},"32":{"start":{"line":77,"column":4},"end":{"line":77,"column":25}},"33":{"start":{"line":78,"column":4},"end":{"line":78,"column":25}},"34":{"start":{"line":79,"column":4},"end":{"line":81,"column":5}},"35":{"start":{"line":80,"column":6},"end":{"line":80,"column":27}},"36":{"start":{"line":82,"column":4},"end":{"line":82,"column":11}},"37":{"start":{"line":85,"column":2},"end":{"line":85,"column":33}}},"branchMap":{"1":{"line":32,"type":"if","locations":[{"start":{"line":32,"column":8},"end":{"line":32,"column":8}},{"start":{"line":32,"column":8},"end":{"line":32,"column":8}}]},"2":{"line":41,"type":"if","locations":[{"start":{"line":41,"column":6},"end":{"line":41,"column":6}},{"start":{"line":41,"column":6},"end":{"line":41,"column":6}}]},"3":{"line":51,"type":"if","locations":[{"start":{"line":51,"column":6},"end":{"line":51,"column":6}},{"start":{"line":51,"column":6},"end":{"line":51,"column":6}}]},"4":{"line":58,"type":"if","locations":[{"start":{"line":58,"column":6},"end":{"line":58,"column":6}},{"start":{"line":58,"column":6},"end":{"line":58,"column":6}}]},"5":{"line":79,"type":"if","locations":[{"start":{"line":79,"column":4},"end":{"line":79,"column":4}},{"start":{"line":79,"column":4},"end":{"line":79,"column":4}}]}}},"/Users/rafaeljesus/maremar/app/models/vehicle.js":{"path":"/Users/rafaeljesus/maremar/app/models/vehicle.js","s":{"1":1,"2":1,"3":1,"4":1,"5":12,"6":12,"7":12,"8":11,"9":12,"10":1},"b":{"1":[11,1]},"f":{"1":1,"2":12},"fnMap":{"1":{"name":"(anonymous_1)","line":1,"loc":{"start":{"line":1,"column":17},"end":{"line":1,"column":31}}},"2":{"name":"(anonymous_2)","line":16,"loc":{"start":{"line":16,"column":22},"end":{"line":16,"column":37}}}},"statementMap":{"1":{"start":{"line":1,"column":0},"end":{"line":27,"column":2}},"2":{"start":{"line":3,"column":2},"end":{"line":5,"column":3}},"3":{"start":{"line":7,"column":2},"end":{"line":14,"column":5}},"4":{"start":{"line":16,"column":2},"end":{"line":23,"column":5}},"5":{"start":{"line":17,"column":4},"end":{"line":17,"column":25}},"6":{"start":{"line":18,"column":4},"end":{"line":18,"column":25}},"7":{"start":{"line":19,"column":4},"end":{"line":21,"column":5}},"8":{"start":{"line":20,"column":6},"end":{"line":20,"column":27}},"9":{"start":{"line":22,"column":4},"end":{"line":22,"column":11}},"10":{"start":{"line":25,"column":2},"end":{"line":25,"column":39}}},"branchMap":{"1":{"line":19,"type":"if","locations":[{"start":{"line":19,"column":4},"end":{"line":19,"column":4}},{"start":{"line":19,"column":4},"end":{"line":19,"column":4}}]}}},"/Users/rafaeljesus/maremar/app/controllers/authentication.js":{"path":"/Users/rafaeljesus/maremar/app/controllers/authentication.js","s":{"1":1,"2":1,"3":1,"4":1,"5":1,"6":0,"7":1,"8":1,"9":1,"10":1,"11":0,"12":1,"13":1,"14":1,"15":1,"16":1,"17":0,"18":1,"19":1,"20":1,"21":1},"b":{"1":[0,1],"2":[0,1],"3":[0,1]},"f":{"1":1,"2":1,"3":1,"4":1,"5":1,"6":1,"7":1,"8":1},"fnMap":{"1":{"name":"(anonymous_1)","line":1,"loc":{"start":{"line":1,"column":17},"end":{"line":1,"column":31}}},"2":{"name":"(anonymous_2)","line":7,"loc":{"start":{"line":7,"column":18},"end":{"line":7,"column":37}}},"3":{"name":"(anonymous_3)","line":8,"loc":{"start":{"line":8,"column":39},"end":{"line":8,"column":59}}},"4":{"name":"(anonymous_4)","line":19,"loc":{"start":{"line":19,"column":14},"end":{"line":19,"column":33}}},"5":{"name":"(anonymous_5)","line":20,"loc":{"start":{"line":20,"column":35},"end":{"line":20,"column":55}}},"6":{"name":"(anonymous_6)","line":31,"loc":{"start":{"line":31,"column":20},"end":{"line":31,"column":39}}},"7":{"name":"(anonymous_7)","line":34,"loc":{"start":{"line":34,"column":47},"end":{"line":34,"column":67}}},"8":{"name":"(anonymous_8)","line":40,"loc":{"start":{"line":40,"column":12},"end":{"line":40,"column":31}}}},"statementMap":{"1":{"start":{"line":1,"column":0},"end":{"line":48,"column":2}},"2":{"start":{"line":3,"column":2},"end":{"line":3,"column":29}},"3":{"start":{"line":5,"column":2},"end":{"line":44,"column":4}},"4":{"start":{"line":8,"column":6},"end":{"line":16,"column":9}},"5":{"start":{"line":9,"column":8},"end":{"line":9,"column":43}},"6":{"start":{"line":9,"column":17},"end":{"line":9,"column":43}},"7":{"start":{"line":10,"column":8},"end":{"line":15,"column":8}},"8":{"start":{"line":15,"column":8},"end":{"line":15,"column":35}},"9":{"start":{"line":20,"column":6},"end":{"line":28,"column":9}},"10":{"start":{"line":21,"column":8},"end":{"line":21,"column":43}},"11":{"start":{"line":21,"column":17},"end":{"line":21,"column":43}},"12":{"start":{"line":22,"column":8},"end":{"line":27,"column":8}},"13":{"start":{"line":27,"column":8},"end":{"line":27,"column":35}},"14":{"start":{"line":32,"column":6},"end":{"line":33,"column":45}},"15":{"start":{"line":34,"column":6},"end":{"line":37,"column":9}},"16":{"start":{"line":35,"column":8},"end":{"line":35,"column":43}},"17":{"start":{"line":35,"column":17},"end":{"line":35,"column":43}},"18":{"start":{"line":36,"column":8},"end":{"line":36,"column":22}},"19":{"start":{"line":41,"column":6},"end":{"line":41,"column":28}},"20":{"start":{"line":42,"column":6},"end":{"line":42,"column":20}},"21":{"start":{"line":46,"column":2},"end":{"line":46,"column":24}}},"branchMap":{"1":{"line":9,"type":"if","locations":[{"start":{"line":9,"column":8},"end":{"line":9,"column":8}},{"start":{"line":9,"column":8},"end":{"line":9,"column":8}}]},"2":{"line":21,"type":"if","locations":[{"start":{"line":21,"column":8},"end":{"line":21,"column":8}},{"start":{"line":21,"column":8},"end":{"line":21,"column":8}}]},"3":{"line":35,"type":"if","locations":[{"start":{"line":35,"column":8},"end":{"line":35,"column":8}},{"start":{"line":35,"column":8},"end":{"line":35,"column":8}}]}}},"/Users/rafaeljesus/maremar/app/controllers/home.js":{"path":"/Users/rafaeljesus/maremar/app/controllers/home.js","s":{"1":1,"2":1,"3":1,"4":1},"b":{},"f":{"1":1,"2":1},"fnMap":{"1":{"name":"(anonymous_1)","line":1,"loc":{"start":{"line":1,"column":17},"end":{"line":1,"column":31}}},"2":{"name":"(anonymous_2)","line":4,"loc":{"start":{"line":4,"column":11},"end":{"line":4,"column":30}}}},"statementMap":{"1":{"start":{"line":1,"column":0},"end":{"line":11,"column":2}},"2":{"start":{"line":3,"column":2},"end":{"line":7,"column":4}},"3":{"start":{"line":5,"column":6},"end":{"line":5,"column":31}},"4":{"start":{"line":9,"column":2},"end":{"line":9,"column":24}}},"branchMap":{}},"/Users/rafaeljesus/maremar/app/controllers/trip.js":{"path":"/Users/rafaeljesus/maremar/app/controllers/trip.js","s":{"1":1,"2":1,"3":1,"4":1,"5":1,"6":0,"7":1,"8":0,"9":0,"10":0,"11":0,"12":1,"13":1,"14":1,"15":0,"16":1,"17":1,"18":1,"19":1,"20":0,"21":1,"22":1,"23":1,"24":1,"25":0,"26":1,"27":1},"b":{"1":[0,1],"2":[0,0],"3":[0,1],"4":[0,1],"5":[0,1]},"f":{"1":1,"2":1,"3":1,"4":0,"5":0,"6":1,"7":1,"8":1,"9":1,"10":1,"11":1},"fnMap":{"1":{"name":"(anonymous_1)","line":1,"loc":{"start":{"line":1,"column":17},"end":{"line":1,"column":31}}},"2":{"name":"(anonymous_2)","line":6,"loc":{"start":{"line":6,"column":11},"end":{"line":6,"column":30}}},"3":{"name":"(anonymous_3)","line":7,"loc":{"start":{"line":7,"column":26},"end":{"line":7,"column":45}}},"4":{"name":"(anonymous_4)","line":12,"loc":{"start":{"line":12,"column":15},"end":{"line":12,"column":34}}},"5":{"name":"(anonymous_5)","line":13,"loc":{"start":{"line":13,"column":25},"end":{"line":13,"column":44}}},"6":{"name":"(anonymous_6)","line":18,"loc":{"start":{"line":18,"column":12},"end":{"line":18,"column":31}}},"7":{"name":"(anonymous_7)","line":20,"loc":{"start":{"line":20,"column":24},"end":{"line":20,"column":43}}},"8":{"name":"(anonymous_8)","line":25,"loc":{"start":{"line":25,"column":12},"end":{"line":25,"column":31}}},"9":{"name":"(anonymous_9)","line":28,"loc":{"start":{"line":28,"column":49},"end":{"line":28,"column":68}}},"10":{"name":"(anonymous_10)","line":33,"loc":{"start":{"line":33,"column":10},"end":{"line":33,"column":29}}},"11":{"name":"(anonymous_11)","line":35,"loc":{"start":{"line":35,"column":24},"end":{"line":35,"column":43}}}},"statementMap":{"1":{"start":{"line":1,"column":0},"end":{"line":44,"column":2}},"2":{"start":{"line":3,"column":2},"end":{"line":3,"column":29}},"3":{"start":{"line":5,"column":2},"end":{"line":40,"column":4}},"4":{"start":{"line":7,"column":6},"end":{"line":10,"column":9}},"5":{"start":{"line":8,"column":8},"end":{"line":8,"column":43}},"6":{"start":{"line":8,"column":17},"end":{"line":8,"column":43}},"7":{"start":{"line":9,"column":8},"end":{"line":9,"column":22}},"8":{"start":{"line":13,"column":6},"end":{"line":16,"column":9}},"9":{"start":{"line":14,"column":8},"end":{"line":14,"column":43}},"10":{"start":{"line":14,"column":17},"end":{"line":14,"column":43}},"11":{"start":{"line":15,"column":8},"end":{"line":15,"column":22}},"12":{"start":{"line":19,"column":6},"end":{"line":19,"column":31}},"13":{"start":{"line":20,"column":6},"end":{"line":23,"column":9}},"14":{"start":{"line":21,"column":8},"end":{"line":21,"column":43}},"15":{"start":{"line":21,"column":17},"end":{"line":21,"column":43}},"16":{"start":{"line":22,"column":8},"end":{"line":22,"column":27}},"17":{"start":{"line":26,"column":6},"end":{"line":27,"column":27}},"18":{"start":{"line":28,"column":6},"end":{"line":31,"column":9}},"19":{"start":{"line":29,"column":8},"end":{"line":29,"column":43}},"20":{"start":{"line":29,"column":17},"end":{"line":29,"column":43}},"21":{"start":{"line":30,"column":8},"end":{"line":30,"column":22}},"22":{"start":{"line":34,"column":6},"end":{"line":34,"column":29}},"23":{"start":{"line":35,"column":6},"end":{"line":38,"column":9}},"24":{"start":{"line":36,"column":8},"end":{"line":36,"column":43}},"25":{"start":{"line":36,"column":17},"end":{"line":36,"column":43}},"26":{"start":{"line":37,"column":8},"end":{"line":37,"column":22}},"27":{"start":{"line":42,"column":2},"end":{"line":42,"column":24}}},"branchMap":{"1":{"line":8,"type":"if","locations":[{"start":{"line":8,"column":8},"end":{"line":8,"column":8}},{"start":{"line":8,"column":8},"end":{"line":8,"column":8}}]},"2":{"line":14,"type":"if","locations":[{"start":{"line":14,"column":8},"end":{"line":14,"column":8}},{"start":{"line":14,"column":8},"end":{"line":14,"column":8}}]},"3":{"line":21,"type":"if","locations":[{"start":{"line":21,"column":8},"end":{"line":21,"column":8}},{"start":{"line":21,"column":8},"end":{"line":21,"column":8}}]},"4":{"line":29,"type":"if","locations":[{"start":{"line":29,"column":8},"end":{"line":29,"column":8}},{"start":{"line":29,"column":8},"end":{"line":29,"column":8}}]},"5":{"line":36,"type":"if","locations":[{"start":{"line":36,"column":8},"end":{"line":36,"column":8}},{"start":{"line":36,"column":8},"end":{"line":36,"column":8}}]}}},"/Users/rafaeljesus/maremar/app/controllers/vehicle.js":{"path":"/Users/rafaeljesus/maremar/app/controllers/vehicle.js","s":{"1":1,"2":1,"3":1,"4":2,"5":0,"6":2,"7":2,"8":1,"9":1,"10":1,"11":2,"12":2,"13":2,"14":2,"15":2,"16":2,"17":2,"18":1,"19":1,"20":0,"21":1,"22":1,"23":1,"24":1,"25":1,"26":1,"27":1,"28":1,"29":0,"30":1,"31":1,"32":1,"33":1,"34":0,"35":1,"36":1,"37":1,"38":1,"39":0,"40":1,"41":1,"42":1},"b":{"1":[0,2],"2":[2,0],"3":[2,0],"4":[1,1],"5":[0,1],"6":[0,1],"7":[0,1],"8":[0,1]},"f":{"1":1,"2":2,"3":1,"4":1,"5":2,"6":2,"7":1,"8":1,"9":1,"10":1,"11":1,"12":1,"13":1},"fnMap":{"1":{"name":"(anonymous_1)","line":1,"loc":{"start":{"line":1,"column":17},"end":{"line":1,"column":31}}},"2":{"name":"(anonymous_2)","line":7,"loc":{"start":{"line":7,"column":15},"end":{"line":7,"column":37}}},"3":{"name":"(anonymous_3)","line":15,"loc":{"start":{"line":15,"column":11},"end":{"line":15,"column":30}}},"4":{"name":"(anonymous_4)","line":16,"loc":{"start":{"line":16,"column":23},"end":{"line":16,"column":47}}},"5":{"name":"(anonymous_5)","line":21,"loc":{"start":{"line":21,"column":10},"end":{"line":21,"column":29}}},"6":{"name":"(anonymous_6)","line":26,"loc":{"start":{"line":26,"column":22},"end":{"line":26,"column":51}}},"7":{"name":"(anonymous_7)","line":37,"loc":{"start":{"line":37,"column":38},"end":{"line":37,"column":57}}},"8":{"name":"(anonymous_8)","line":43,"loc":{"start":{"line":43,"column":21},"end":{"line":43,"column":35}}},"9":{"name":"(anonymous_9)","line":48,"loc":{"start":{"line":48,"column":34},"end":{"line":48,"column":53}}},"10":{"name":"(anonymous_10)","line":56,"loc":{"start":{"line":56,"column":10},"end":{"line":56,"column":29}}},"11":{"name":"(anonymous_11)","line":58,"loc":{"start":{"line":58,"column":27},"end":{"line":58,"column":50}}},"12":{"name":"(anonymous_12)","line":64,"loc":{"start":{"line":64,"column":11},"end":{"line":64,"column":30}}},"13":{"name":"(anonymous_13)","line":66,"loc":{"start":{"line":66,"column":49},"end":{"line":66,"column":68}}}},"statementMap":{"1":{"start":{"line":1,"column":0},"end":{"line":76,"column":2}},"2":{"start":{"line":3,"column":2},"end":{"line":5,"column":35}},"3":{"start":{"line":7,"column":2},"end":{"line":11,"column":4}},"4":{"start":{"line":8,"column":4},"end":{"line":8,"column":22}},"5":{"start":{"line":8,"column":15},"end":{"line":8,"column":22}},"6":{"start":{"line":9,"column":4},"end":{"line":9,"column":53}},"7":{"start":{"line":10,"column":4},"end":{"line":10,"column":34}},"8":{"start":{"line":13,"column":2},"end":{"line":72,"column":4}},"9":{"start":{"line":16,"column":6},"end":{"line":18,"column":9}},"10":{"start":{"line":17,"column":8},"end":{"line":17,"column":27}},"11":{"start":{"line":22,"column":6},"end":{"line":22,"column":47}},"12":{"start":{"line":23,"column":6},"end":{"line":23,"column":30}},"13":{"start":{"line":24,"column":6},"end":{"line":24,"column":40}},"14":{"start":{"line":25,"column":6},"end":{"line":25,"column":30}},"15":{"start":{"line":26,"column":6},"end":{"line":53,"column":9}},"16":{"start":{"line":27,"column":8},"end":{"line":35,"column":10}},"17":{"start":{"line":36,"column":8},"end":{"line":52,"column":9}},"18":{"start":{"line":37,"column":10},"end":{"line":46,"column":13}},"19":{"start":{"line":38,"column":12},"end":{"line":38,"column":47}},"20":{"start":{"line":38,"column":21},"end":{"line":38,"column":47}},"21":{"start":{"line":39,"column":12},"end":{"line":39,"column":36}},"22":{"start":{"line":40,"column":12},"end":{"line":40,"column":40}},"23":{"start":{"line":41,"column":12},"end":{"line":41,"column":44}},"24":{"start":{"line":42,"column":12},"end":{"line":42,"column":42}},"25":{"start":{"line":43,"column":12},"end":{"line":45,"column":15}},"26":{"start":{"line":44,"column":14},"end":{"line":44,"column":28}},"27":{"start":{"line":48,"column":10},"end":{"line":51,"column":13}},"28":{"start":{"line":49,"column":12},"end":{"line":49,"column":47}},"29":{"start":{"line":49,"column":21},"end":{"line":49,"column":47}},"30":{"start":{"line":50,"column":12},"end":{"line":50,"column":31}},"31":{"start":{"line":57,"column":6},"end":{"line":57,"column":29}},"32":{"start":{"line":58,"column":6},"end":{"line":61,"column":9}},"33":{"start":{"line":59,"column":8},"end":{"line":59,"column":38}},"34":{"start":{"line":59,"column":17},"end":{"line":59,"column":38}},"35":{"start":{"line":60,"column":8},"end":{"line":60,"column":26}},"36":{"start":{"line":65,"column":6},"end":{"line":65,"column":33}},"37":{"start":{"line":66,"column":6},"end":{"line":70,"column":9}},"38":{"start":{"line":67,"column":8},"end":{"line":67,"column":38}},"39":{"start":{"line":67,"column":17},"end":{"line":67,"column":38}},"40":{"start":{"line":68,"column":8},"end":{"line":68,"column":60}},"41":{"start":{"line":69,"column":8},"end":{"line":69,"column":33}},"42":{"start":{"line":74,"column":2},"end":{"line":74,"column":27}}},"branchMap":{"1":{"line":8,"type":"if","locations":[{"start":{"line":8,"column":4},"end":{"line":8,"column":4}},{"start":{"line":8,"column":4},"end":{"line":8,"column":4}}]},"2":{"line":32,"type":"binary-expr","locations":[{"start":{"line":32,"column":23},"end":{"line":32,"column":33}},{"start":{"line":32,"column":37},"end":{"line":32,"column":39}}]},"3":{"line":33,"type":"binary-expr","locations":[{"start":{"line":33,"column":26},"end":{"line":33,"column":36}},{"start":{"line":33,"column":40},"end":{"line":33,"column":42}}]},"4":{"line":36,"type":"if","locations":[{"start":{"line":36,"column":8},"end":{"line":36,"column":8}},{"start":{"line":36,"column":8},"end":{"line":36,"column":8}}]},"5":{"line":38,"type":"if","locations":[{"start":{"line":38,"column":12},"end":{"line":38,"column":12}},{"start":{"line":38,"column":12},"end":{"line":38,"column":12}}]},"6":{"line":49,"type":"if","locations":[{"start":{"line":49,"column":12},"end":{"line":49,"column":12}},{"start":{"line":49,"column":12},"end":{"line":49,"column":12}}]},"7":{"line":59,"type":"if","locations":[{"start":{"line":59,"column":8},"end":{"line":59,"column":8}},{"start":{"line":59,"column":8},"end":{"line":59,"column":8}}]},"8":{"line":67,"type":"if","locations":[{"start":{"line":67,"column":8},"end":{"line":67,"column":8}},{"start":{"line":67,"column":8},"end":{"line":67,"column":8}}]}}},"/Users/rafaeljesus/maremar/app/routes/authentication.js":{"path":"/Users/rafaeljesus/maremar/app/routes/authentication.js","s":{"1":1,"2":1,"3":1,"4":1,"5":1,"6":1},"b":{},"f":{"1":1},"fnMap":{"1":{"name":"(anonymous_1)","line":1,"loc":{"start":{"line":1,"column":17},"end":{"line":1,"column":31}}}},"statementMap":{"1":{"start":{"line":1,"column":0},"end":{"line":11,"column":2}},"2":{"start":{"line":3,"column":2},"end":{"line":3,"column":44}},"3":{"start":{"line":5,"column":2},"end":{"line":5,"column":42}},"4":{"start":{"line":6,"column":2},"end":{"line":6,"column":38}},"5":{"start":{"line":8,"column":2},"end":{"line":8,"column":36}},"6":{"start":{"line":9,"column":2},"end":{"line":9,"column":45}}},"branchMap":{}},"/Users/rafaeljesus/maremar/app/routes/home.js":{"path":"/Users/rafaeljesus/maremar/app/routes/home.js","s":{"1":1,"2":1,"3":1},"b":{},"f":{"1":1},"fnMap":{"1":{"name":"(anonymous_1)","line":1,"loc":{"start":{"line":1,"column":17},"end":{"line":1,"column":31}}}},"statementMap":{"1":{"start":{"line":1,"column":0},"end":{"line":5,"column":2}},"2":{"start":{"line":3,"column":2},"end":{"line":3,"column":34}},"3":{"start":{"line":4,"column":2},"end":{"line":4,"column":27}}},"branchMap":{}},"/Users/rafaeljesus/maremar/app/routes/trip.js":{"path":"/Users/rafaeljesus/maremar/app/routes/trip.js","s":{"1":1,"2":1,"3":1,"4":1,"5":1,"6":1,"7":1},"b":{},"f":{"1":1},"fnMap":{"1":{"name":"(anonymous_1)","line":1,"loc":{"start":{"line":1,"column":17},"end":{"line":1,"column":31}}}},"statementMap":{"1":{"start":{"line":1,"column":0},"end":{"line":11,"column":2}},"2":{"start":{"line":3,"column":2},"end":{"line":3,"column":34}},"3":{"start":{"line":5,"column":2},"end":{"line":5,"column":32}},"4":{"start":{"line":6,"column":2},"end":{"line":6,"column":46}},"5":{"start":{"line":7,"column":2},"end":{"line":7,"column":35}},"6":{"start":{"line":8,"column":2},"end":{"line":8,"column":34}},"7":{"start":{"line":9,"column":2},"end":{"line":9,"column":37}}},"branchMap":{}},"/Users/rafaeljesus/maremar/app/routes/vehicle.js":{"path":"/Users/rafaeljesus/maremar/app/routes/vehicle.js","s":{"1":1,"2":1,"3":1,"4":1,"5":1,"6":1},"b":{},"f":{"1":1},"fnMap":{"1":{"name":"(anonymous_1)","line":1,"loc":{"start":{"line":1,"column":17},"end":{"line":1,"column":31}}}},"statementMap":{"1":{"start":{"line":1,"column":0},"end":{"line":10,"column":2}},"2":{"start":{"line":3,"column":2},"end":{"line":4,"column":3}},"3":{"start":{"line":6,"column":2},"end":{"line":6,"column":38}},"4":{"start":{"line":7,"column":2},"end":{"line":7,"column":41}},"5":{"start":{"line":8,"column":2},"end":{"line":8,"column":50}},"6":{"start":{"line":9,"column":2},"end":{"line":9,"column":38}}},"branchMap":{}},"/Users/rafaeljesus/maremar/sockets/sync-trips.js":{"path":"/Users/rafaeljesus/maremar/sockets/sync-trips.js","s":{"1":1,"2":1,"3":1,"4":0,"5":0,"6":0},"b":{},"f":{"1":1,"2":0,"3":0,"4":0},"fnMap":{"1":{"name":"(anonymous_1)","line":1,"loc":{"start":{"line":1,"column":17},"end":{"line":1,"column":30}}},"2":{"name":"(anonymous_2)","line":8,"loc":{"start":{"line":8,"column":27},"end":{"line":8,"column":45}}},"3":{"name":"(anonymous_3)","line":9,"loc":{"start":{"line":9,"column":29},"end":{"line":9,"column":47}}},"4":{"name":"(anonymous_4)","line":10,"loc":{"start":{"line":10,"column":30},"end":{"line":10,"column":49}}}},"statementMap":{"1":{"start":{"line":1,"column":0},"end":{"line":16,"column":2}},"2":{"start":{"line":3,"column":2},"end":{"line":6,"column":5}},"3":{"start":{"line":8,"column":2},"end":{"line":14,"column":5}},"4":{"start":{"line":9,"column":4},"end":{"line":13,"column":7}},"5":{"start":{"line":10,"column":6},"end":{"line":12,"column":9}},"6":{"start":{"line":11,"column":8},"end":{"line":11,"column":76}}},"branchMap":{}}}