{
"/Users/rafaeljesus/maremar/lib/redis-connect.js":{"path":"/Users/rafaeljesus/maremar/lib/redis-connect.js","s":{"1":1,"2":1,"3":1,"4":1,"5":1},"b":{},"f":{"1":1,"2":1},"fnMap":{"1":{"name":"(anonymous_1)","line":7,"loc":{"start":{"line":7,"column":20},"end":{"line":7,"column":31}}},"2":{"name":"(anonymous_2)","line":11,"loc":{"start":{"line":11,"column":26},"end":{"line":11,"column":37}}}},"statementMap":{"1":{"start":{"line":3,"column":0},"end":{"line":5,"column":41}},"2":{"start":{"line":7,"column":0},"end":{"line":9,"column":2}},"3":{"start":{"line":8,"column":2},"end":{"line":8,"column":30}},"4":{"start":{"line":11,"column":0},"end":{"line":13,"column":2}},"5":{"start":{"line":12,"column":2},"end":{"line":12,"column":29}}},"branchMap":{},"l":{"3":1,"7":1,"8":1,"11":1,"12":1}},
"/Users/rafaeljesus/maremar/app/models/trip.js":{"path":"/Users/rafaeljesus/maremar/app/models/trip.js","s":{"1":1,"2":1,"3":1,"4":1,"5":3,"6":3,"7":1,"8":1,"9":1,"10":1,"11":4,"12":4,"13":1,"14":2,"15":2,"16":0,"17":2,"18":1,"19":1,"20":1,"21":0,"22":1,"23":1,"24":0,"25":0,"26":0,"27":0,"28":1,"29":9,"30":9,"31":9,"32":9,"33":9,"34":9,"35":114,"36":9,"37":1},"b":{"1":[0,2],"2":[0,1],"3":[0,0],"4":[9,0],"5":[9,0]},"f":{"1":1,"2":3,"3":1,"4":4,"5":2,"6":2,"7":1,"8":1,"9":0,"10":0,"11":9},"fnMap":{"1":{"name":"(anonymous_1)","line":3,"loc":{"start":{"line":3,"column":17},"end":{"line":3,"column":31}}},"2":{"name":"(anonymous_2)","line":26,"loc":{"start":{"line":26,"column":14},"end":{"line":26,"column":25}}},"3":{"name":"(anonymous_3)","line":31,"loc":{"start":{"line":31,"column":17},"end":{"line":31,"column":28}}},"4":{"name":"(anonymous_4)","line":36,"loc":{"start":{"line":36,"column":15},"end":{"line":36,"column":30}}},"5":{"name":"(anonymous_5)","line":43,"loc":{"start":{"line":43,"column":32},"end":{"line":43,"column":45}}},"6":{"name":"(anonymous_6)","line":44,"loc":{"start":{"line":44,"column":50},"end":{"line":44,"column":69}}},"7":{"name":"(anonymous_7)","line":50,"loc":{"start":{"line":50,"column":31},"end":{"line":50,"column":44}}},"8":{"name":"(anonymous_8)","line":51,"loc":{"start":{"line":51,"column":68},"end":{"line":51,"column":87}}},"9":{"name":"(anonymous_9)","line":57,"loc":{"start":{"line":57,"column":22},"end":{"line":57,"column":41}}},"10":{"name":"(anonymous_10)","line":64,"loc":{"start":{"line":64,"column":11},"end":{"line":64,"column":30}}},"11":{"name":"(anonymous_11)","line":70,"loc":{"start":{"line":70,"column":19},"end":{"line":70,"column":34}}}},"statementMap":{"1":{"start":{"line":3,"column":0},"end":{"line":86,"column":2}},"2":{"start":{"line":5,"column":2},"end":{"line":7,"column":31}},"3":{"start":{"line":9,"column":2},"end":{"line":24,"column":5}},"4":{"start":{"line":26,"column":2},"end":{"line":29,"column":4}},"5":{"start":{"line":27,"column":4},"end":{"line":27,"column":27}},"6":{"start":{"line":28,"column":4},"end":{"line":28,"column":23}},"7":{"start":{"line":31,"column":2},"end":{"line":34,"column":4}},"8":{"start":{"line":32,"column":4},"end":{"line":32,"column":40}},"9":{"start":{"line":33,"column":4},"end":{"line":33,"column":28}},"10":{"start":{"line":36,"column":2},"end":{"line":41,"column":4}},"11":{"start":{"line":37,"column":4},"end":{"line":39,"column":26}},"12":{"start":{"line":40,"column":4},"end":{"line":40,"column":38}},"13":{"start":{"line":43,"column":2},"end":{"line":48,"column":4}},"14":{"start":{"line":44,"column":4},"end":{"line":47,"column":7}},"15":{"start":{"line":45,"column":6},"end":{"line":45,"column":34}},"16":{"start":{"line":45,"column":17},"end":{"line":45,"column":32}},"17":{"start":{"line":46,"column":6},"end":{"line":46,"column":20}},"18":{"start":{"line":50,"column":2},"end":{"line":55,"column":4}},"19":{"start":{"line":51,"column":4},"end":{"line":54,"column":7}},"20":{"start":{"line":52,"column":6},"end":{"line":52,"column":34}},"21":{"start":{"line":52,"column":17},"end":{"line":52,"column":32}},"22":{"start":{"line":53,"column":6},"end":{"line":53,"column":20}},"23":{"start":{"line":57,"column":2},"end":{"line":68,"column":4}},"24":{"start":{"line":58,"column":4},"end":{"line":67,"column":11}},"25":{"start":{"line":65,"column":10},"end":{"line":65,"column":38}},"26":{"start":{"line":65,"column":21},"end":{"line":65,"column":36}},"27":{"start":{"line":66,"column":10},"end":{"line":66,"column":24}},"28":{"start":{"line":70,"column":2},"end":{"line":82,"column":5}},"29":{"start":{"line":71,"column":4},"end":{"line":71,"column":25}},"30":{"start":{"line":72,"column":4},"end":{"line":72,"column":25}},"31":{"start":{"line":73,"column":4},"end":{"line":75,"column":5}},"32":{"start":{"line":74,"column":6},"end":{"line":74,"column":27}},"33":{"start":{"line":76,"column":4},"end":{"line":80,"column":5}},"34":{"start":{"line":77,"column":6},"end":{"line":79,"column":7}},"35":{"start":{"line":78,"column":8},"end":{"line":78,"column":44}},"36":{"start":{"line":81,"column":4},"end":{"line":81,"column":11}},"37":{"start":{"line":84,"column":2},"end":{"line":84,"column":33}}},"branchMap":{"1":{"line":45,"type":"if","locations":[{"start":{"line":45,"column":6},"end":{"line":45,"column":6}},{"start":{"line":45,"column":6},"end":{"line":45,"column":6}}]},"2":{"line":52,"type":"if","locations":[{"start":{"line":52,"column":6},"end":{"line":52,"column":6}},{"start":{"line":52,"column":6},"end":{"line":52,"column":6}}]},"3":{"line":65,"type":"if","locations":[{"start":{"line":65,"column":10},"end":{"line":65,"column":10}},{"start":{"line":65,"column":10},"end":{"line":65,"column":10}}]},"4":{"line":73,"type":"if","locations":[{"start":{"line":73,"column":4},"end":{"line":73,"column":4}},{"start":{"line":73,"column":4},"end":{"line":73,"column":4}}]},"5":{"line":76,"type":"if","locations":[{"start":{"line":76,"column":4},"end":{"line":76,"column":4}},{"start":{"line":76,"column":4},"end":{"line":76,"column":4}}]}},"l":{"3":1,"5":1,"9":1,"26":1,"27":3,"28":3,"31":1,"32":1,"33":1,"36":1,"37":4,"40":4,"43":1,"44":2,"45":2,"46":2,"50":1,"51":1,"52":1,"53":1,"57":1,"58":0,"65":0,"66":0,"70":1,"71":9,"72":9,"73":9,"74":9,"76":9,"77":9,"78":114,"81":9,"84":1}},
"/Users/rafaeljesus/maremar/lib/db-connect.js":{"path":"/Users/rafaeljesus/maremar/lib/db-connect.js","s":{"1":1,"2":1,"3":3,"4":3,"5":1,"6":3},"b":{"1":[1,2]},"f":{"1":3},"fnMap":{"1":{"name":"(anonymous_1)","line":10,"loc":{"start":{"line":10,"column":17},"end":{"line":10,"column":28}}}},"statementMap":{"1":{"start":{"line":3,"column":0},"end":{"line":8,"column":4}},"2":{"start":{"line":10,"column":0},"end":{"line":16,"column":2}},"3":{"start":{"line":11,"column":2},"end":{"line":11,"column":42}},"4":{"start":{"line":12,"column":2},"end":{"line":14,"column":3}},"5":{"start":{"line":13,"column":4},"end":{"line":13,"column":46}},"6":{"start":{"line":15,"column":2},"end":{"line":15,"column":27}}},"branchMap":{"1":{"line":12,"type":"if","locations":[{"start":{"line":12,"column":2},"end":{"line":12,"column":2}},{"start":{"line":12,"column":2},"end":{"line":12,"column":2}}]}},"l":{"3":1,"10":1,"11":3,"12":3,"13":1,"15":3}},
"/Users/rafaeljesus/maremar/app/models/user.js":{"path":"/Users/rafaeljesus/maremar/app/models/user.js","s":{"1":1,"2":1,"3":1,"4":1,"5":12,"6":12,"7":12,"8":12,"9":12,"10":1,"11":11,"12":1,"13":3,"14":3,"15":3,"16":3,"17":0,"18":3,"19":1,"20":1,"21":1,"22":1,"23":1,"24":1,"25":0,"26":1,"27":1,"28":0,"29":0,"30":0,"31":1,"32":11,"33":11,"34":11,"35":11,"36":11,"37":1},"b":{"1":[1,11],"2":[0,3],"3":[0,1],"4":[0,0],"5":[11,0]},"f":{"1":1,"2":12,"3":12,"4":3,"5":3,"6":1,"7":1,"8":0,"9":0,"10":11},"fnMap":{"1":{"name":"(anonymous_1)","line":3,"loc":{"start":{"line":3,"column":17},"end":{"line":3,"column":31}}},"2":{"name":"(anonymous_2)","line":24,"loc":{"start":{"line":24,"column":26},"end":{"line":24,"column":45}}},"3":{"name":"(anonymous_3)","line":32,"loc":{"start":{"line":32,"column":32},"end":{"line":32,"column":51}}},"4":{"name":"(anonymous_4)","line":38,"loc":{"start":{"line":38,"column":30},"end":{"line":38,"column":49}}},"5":{"name":"(anonymous_5)","line":41,"loc":{"start":{"line":41,"column":79},"end":{"line":41,"column":98}}},"6":{"name":"(anonymous_6)","line":47,"loc":{"start":{"line":47,"column":32},"end":{"line":47,"column":66}}},"7":{"name":"(anonymous_7)","line":51,"loc":{"start":{"line":51,"column":99},"end":{"line":51,"column":129}}},"8":{"name":"(anonymous_8)","line":57,"loc":{"start":{"line":57,"column":32},"end":{"line":57,"column":70}}},"9":{"name":"(anonymous_9)","line":58,"loc":{"start":{"line":58,"column":42},"end":{"line":58,"column":61}}},"10":{"name":"(anonymous_10)","line":77,"loc":{"start":{"line":77,"column":19},"end":{"line":77,"column":34}}}},"statementMap":{"1":{"start":{"line":3,"column":0},"end":{"line":87,"column":2}},"2":{"start":{"line":5,"column":2},"end":{"line":7,"column":31}},"3":{"start":{"line":9,"column":2},"end":{"line":22,"column":5}},"4":{"start":{"line":24,"column":2},"end":{"line":36,"column":4}},"5":{"start":{"line":25,"column":4},"end":{"line":25,"column":45}},"6":{"start":{"line":26,"column":6},"end":{"line":26,"column":35}},"7":{"start":{"line":27,"column":6},"end":{"line":31,"column":8}},"8":{"start":{"line":32,"column":6},"end":{"line":35,"column":9}},"9":{"start":{"line":33,"column":8},"end":{"line":33,"column":36}},"10":{"start":{"line":33,"column":19},"end":{"line":33,"column":34}},"11":{"start":{"line":34,"column":8},"end":{"line":34,"column":22}},"12":{"start":{"line":38,"column":2},"end":{"line":45,"column":4}},"13":{"start":{"line":39,"column":4},"end":{"line":39,"column":45}},"14":{"start":{"line":40,"column":4},"end":{"line":40,"column":33}},"15":{"start":{"line":41,"column":4},"end":{"line":44,"column":7}},"16":{"start":{"line":42,"column":6},"end":{"line":42,"column":34}},"17":{"start":{"line":42,"column":17},"end":{"line":42,"column":32}},"18":{"start":{"line":43,"column":6},"end":{"line":43,"column":20}},"19":{"start":{"line":47,"column":2},"end":{"line":55,"column":4}},"20":{"start":{"line":48,"column":4},"end":{"line":48,"column":45}},"21":{"start":{"line":49,"column":4},"end":{"line":49,"column":31}},"22":{"start":{"line":50,"column":4},"end":{"line":50,"column":46}},"23":{"start":{"line":51,"column":4},"end":{"line":54,"column":7}},"24":{"start":{"line":52,"column":6},"end":{"line":52,"column":34}},"25":{"start":{"line":52,"column":17},"end":{"line":52,"column":32}},"26":{"start":{"line":53,"column":6},"end":{"line":53,"column":51}},"27":{"start":{"line":57,"column":2},"end":{"line":75,"column":4}},"28":{"start":{"line":58,"column":4},"end":{"line":74,"column":7}},"29":{"start":{"line":59,"column":6},"end":{"line":59,"column":34}},"30":{"start":{"line":59,"column":17},"end":{"line":59,"column":32}},"31":{"start":{"line":77,"column":2},"end":{"line":84,"column":5}},"32":{"start":{"line":78,"column":4},"end":{"line":78,"column":25}},"33":{"start":{"line":79,"column":4},"end":{"line":79,"column":25}},"34":{"start":{"line":80,"column":4},"end":{"line":82,"column":5}},"35":{"start":{"line":81,"column":6},"end":{"line":81,"column":27}},"36":{"start":{"line":83,"column":4},"end":{"line":83,"column":11}},"37":{"start":{"line":86,"column":2},"end":{"line":86,"column":33}}},"branchMap":{"1":{"line":33,"type":"if","locations":[{"start":{"line":33,"column":8},"end":{"line":33,"column":8}},{"start":{"line":33,"column":8},"end":{"line":33,"column":8}}]},"2":{"line":42,"type":"if","locations":[{"start":{"line":42,"column":6},"end":{"line":42,"column":6}},{"start":{"line":42,"column":6},"end":{"line":42,"column":6}}]},"3":{"line":52,"type":"if","locations":[{"start":{"line":52,"column":6},"end":{"line":52,"column":6}},{"start":{"line":52,"column":6},"end":{"line":52,"column":6}}]},"4":{"line":59,"type":"if","locations":[{"start":{"line":59,"column":6},"end":{"line":59,"column":6}},{"start":{"line":59,"column":6},"end":{"line":59,"column":6}}]},"5":{"line":80,"type":"if","locations":[{"start":{"line":80,"column":4},"end":{"line":80,"column":4}},{"start":{"line":80,"column":4},"end":{"line":80,"column":4}}]}},"l":{"3":1,"5":1,"9":1,"24":1,"25":12,"26":12,"27":12,"32":12,"33":12,"34":11,"38":1,"39":3,"40":3,"41":3,"42":3,"43":3,"47":1,"48":1,"49":1,"50":1,"51":1,"52":1,"53":1,"57":1,"58":0,"59":0,"77":1,"78":11,"79":11,"80":11,"81":11,"83":11,"86":1}},
"/Users/rafaeljesus/maremar/app/models/vehicle.js":{"path":"/Users/rafaeljesus/maremar/app/models/vehicle.js","s":{"1":1,"2":1,"3":1,"4":1,"5":12,"6":12,"7":12,"8":11,"9":12,"10":1},"b":{"1":[11,1]},"f":{"1":1,"2":12},"fnMap":{"1":{"name":"(anonymous_1)","line":3,"loc":{"start":{"line":3,"column":17},"end":{"line":3,"column":31}}},"2":{"name":"(anonymous_2)","line":17,"loc":{"start":{"line":17,"column":22},"end":{"line":17,"column":37}}}},"statementMap":{"1":{"start":{"line":3,"column":0},"end":{"line":28,"column":2}},"2":{"start":{"line":5,"column":2},"end":{"line":6,"column":40}},"3":{"start":{"line":8,"column":2},"end":{"line":15,"column":5}},"4":{"start":{"line":17,"column":2},"end":{"line":24,"column":5}},"5":{"start":{"line":18,"column":4},"end":{"line":18,"column":25}},"6":{"start":{"line":19,"column":4},"end":{"line":19,"column":25}},"7":{"start":{"line":20,"column":4},"end":{"line":22,"column":5}},"8":{"start":{"line":21,"column":6},"end":{"line":21,"column":27}},"9":{"start":{"line":23,"column":4},"end":{"line":23,"column":11}},"10":{"start":{"line":26,"column":2},"end":{"line":26,"column":39}}},"branchMap":{"1":{"line":20,"type":"if","locations":[{"start":{"line":20,"column":4},"end":{"line":20,"column":4}},{"start":{"line":20,"column":4},"end":{"line":20,"column":4}}]}},"l":{"3":1,"5":1,"8":1,"17":1,"18":12,"19":12,"20":12,"21":11,"23":12,"26":1}},
"/Users/rafaeljesus/maremar/app/controllers/authentication.js":{"path":"/Users/rafaeljesus/maremar/app/controllers/authentication.js","s":{"1":1,"2":1,"3":1,"4":1,"5":1,"6":0,"7":1,"8":1,"9":1,"10":1,"11":0,"12":1,"13":1,"14":1,"15":1,"16":1,"17":0,"18":1,"19":1,"20":1,"21":1},"b":{"1":[0,1],"2":[0,1],"3":[0,1]},"f":{"1":1,"2":1,"3":1,"4":1,"5":1,"6":1,"7":1,"8":1},"fnMap":{"1":{"name":"(anonymous_1)","line":3,"loc":{"start":{"line":3,"column":17},"end":{"line":3,"column":31}}},"2":{"name":"(anonymous_2)","line":9,"loc":{"start":{"line":9,"column":18},"end":{"line":9,"column":37}}},"3":{"name":"(anonymous_3)","line":10,"loc":{"start":{"line":10,"column":39},"end":{"line":10,"column":59}}},"4":{"name":"(anonymous_4)","line":21,"loc":{"start":{"line":21,"column":14},"end":{"line":21,"column":33}}},"5":{"name":"(anonymous_5)","line":22,"loc":{"start":{"line":22,"column":35},"end":{"line":22,"column":55}}},"6":{"name":"(anonymous_6)","line":33,"loc":{"start":{"line":33,"column":20},"end":{"line":33,"column":39}}},"7":{"name":"(anonymous_7)","line":36,"loc":{"start":{"line":36,"column":47},"end":{"line":36,"column":67}}},"8":{"name":"(anonymous_8)","line":42,"loc":{"start":{"line":42,"column":12},"end":{"line":42,"column":31}}}},"statementMap":{"1":{"start":{"line":3,"column":0},"end":{"line":50,"column":2}},"2":{"start":{"line":5,"column":2},"end":{"line":5,"column":29}},"3":{"start":{"line":7,"column":2},"end":{"line":46,"column":4}},"4":{"start":{"line":10,"column":6},"end":{"line":18,"column":9}},"5":{"start":{"line":11,"column":8},"end":{"line":11,"column":47}},"6":{"start":{"line":11,"column":19},"end":{"line":11,"column":45}},"7":{"start":{"line":12,"column":8},"end":{"line":16,"column":10}},"8":{"start":{"line":17,"column":8},"end":{"line":17,"column":35}},"9":{"start":{"line":22,"column":6},"end":{"line":30,"column":9}},"10":{"start":{"line":23,"column":8},"end":{"line":23,"column":47}},"11":{"start":{"line":23,"column":19},"end":{"line":23,"column":45}},"12":{"start":{"line":24,"column":8},"end":{"line":28,"column":10}},"13":{"start":{"line":29,"column":8},"end":{"line":29,"column":35}},"14":{"start":{"line":34,"column":6},"end":{"line":35,"column":45}},"15":{"start":{"line":36,"column":6},"end":{"line":39,"column":9}},"16":{"start":{"line":37,"column":8},"end":{"line":37,"column":47}},"17":{"start":{"line":37,"column":19},"end":{"line":37,"column":45}},"18":{"start":{"line":38,"column":8},"end":{"line":38,"column":22}},"19":{"start":{"line":43,"column":6},"end":{"line":43,"column":28}},"20":{"start":{"line":44,"column":6},"end":{"line":44,"column":20}},"21":{"start":{"line":48,"column":2},"end":{"line":48,"column":24}}},"branchMap":{"1":{"line":11,"type":"if","locations":[{"start":{"line":11,"column":8},"end":{"line":11,"column":8}},{"start":{"line":11,"column":8},"end":{"line":11,"column":8}}]},"2":{"line":23,"type":"if","locations":[{"start":{"line":23,"column":8},"end":{"line":23,"column":8}},{"start":{"line":23,"column":8},"end":{"line":23,"column":8}}]},"3":{"line":37,"type":"if","locations":[{"start":{"line":37,"column":8},"end":{"line":37,"column":8}},{"start":{"line":37,"column":8},"end":{"line":37,"column":8}}]}},"l":{"3":1,"5":1,"7":1,"10":1,"11":1,"12":1,"17":1,"22":1,"23":1,"24":1,"29":1,"34":1,"36":1,"37":1,"38":1,"43":1,"44":1,"48":1}},
"/Users/rafaeljesus/maremar/app/controllers/home.js":{"path":"/Users/rafaeljesus/maremar/app/controllers/home.js","s":{"1":1,"2":1,"3":1,"4":1},"b":{},"f":{"1":1,"2":1},"fnMap":{"1":{"name":"(anonymous_1)","line":3,"loc":{"start":{"line":3,"column":17},"end":{"line":3,"column":31}}},"2":{"name":"(anonymous_2)","line":6,"loc":{"start":{"line":6,"column":11},"end":{"line":6,"column":30}}}},"statementMap":{"1":{"start":{"line":3,"column":0},"end":{"line":13,"column":2}},"2":{"start":{"line":5,"column":2},"end":{"line":9,"column":4}},"3":{"start":{"line":7,"column":6},"end":{"line":7,"column":31}},"4":{"start":{"line":11,"column":2},"end":{"line":11,"column":24}}},"branchMap":{},"l":{"3":1,"5":1,"7":1,"11":1}},
"/Users/rafaeljesus/maremar/app/controllers/trip.js":{"path":"/Users/rafaeljesus/maremar/app/controllers/trip.js","s":{"1":1,"2":1,"3":1,"4":1,"5":1,"6":0,"7":1,"8":0,"9":0,"10":0,"11":0,"12":1,"13":1,"14":1,"15":0,"16":1,"17":1,"18":1,"19":1,"20":0,"21":1,"22":1,"23":1,"24":1,"25":0,"26":1,"27":1},"b":{"1":[0,1],"2":[0,0],"3":[0,1],"4":[0,1],"5":[0,1]},"f":{"1":1,"2":1,"3":1,"4":0,"5":0,"6":1,"7":1,"8":1,"9":1,"10":1,"11":1},"fnMap":{"1":{"name":"(anonymous_1)","line":3,"loc":{"start":{"line":3,"column":17},"end":{"line":3,"column":31}}},"2":{"name":"(anonymous_2)","line":9,"loc":{"start":{"line":9,"column":11},"end":{"line":9,"column":30}}},"3":{"name":"(anonymous_3)","line":10,"loc":{"start":{"line":10,"column":26},"end":{"line":10,"column":45}}},"4":{"name":"(anonymous_4)","line":16,"loc":{"start":{"line":16,"column":15},"end":{"line":16,"column":34}}},"5":{"name":"(anonymous_5)","line":17,"loc":{"start":{"line":17,"column":25},"end":{"line":17,"column":44}}},"6":{"name":"(anonymous_6)","line":23,"loc":{"start":{"line":23,"column":12},"end":{"line":23,"column":31}}},"7":{"name":"(anonymous_7)","line":25,"loc":{"start":{"line":25,"column":24},"end":{"line":25,"column":43}}},"8":{"name":"(anonymous_8)","line":31,"loc":{"start":{"line":31,"column":12},"end":{"line":31,"column":31}}},"9":{"name":"(anonymous_9)","line":34,"loc":{"start":{"line":34,"column":49},"end":{"line":34,"column":68}}},"10":{"name":"(anonymous_10)","line":40,"loc":{"start":{"line":40,"column":10},"end":{"line":40,"column":29}}},"11":{"name":"(anonymous_11)","line":42,"loc":{"start":{"line":42,"column":24},"end":{"line":42,"column":43}}}},"statementMap":{"1":{"start":{"line":3,"column":0},"end":{"line":52,"column":2}},"2":{"start":{"line":5,"column":2},"end":{"line":5,"column":29}},"3":{"start":{"line":7,"column":2},"end":{"line":48,"column":4}},"4":{"start":{"line":10,"column":6},"end":{"line":13,"column":9}},"5":{"start":{"line":11,"column":8},"end":{"line":11,"column":47}},"6":{"start":{"line":11,"column":19},"end":{"line":11,"column":45}},"7":{"start":{"line":12,"column":8},"end":{"line":12,"column":22}},"8":{"start":{"line":17,"column":6},"end":{"line":20,"column":9}},"9":{"start":{"line":18,"column":8},"end":{"line":18,"column":47}},"10":{"start":{"line":18,"column":19},"end":{"line":18,"column":45}},"11":{"start":{"line":19,"column":8},"end":{"line":19,"column":22}},"12":{"start":{"line":24,"column":6},"end":{"line":24,"column":31}},"13":{"start":{"line":25,"column":6},"end":{"line":28,"column":9}},"14":{"start":{"line":26,"column":8},"end":{"line":26,"column":47}},"15":{"start":{"line":26,"column":19},"end":{"line":26,"column":45}},"16":{"start":{"line":27,"column":8},"end":{"line":27,"column":27}},"17":{"start":{"line":32,"column":6},"end":{"line":33,"column":27}},"18":{"start":{"line":34,"column":6},"end":{"line":37,"column":9}},"19":{"start":{"line":35,"column":8},"end":{"line":35,"column":47}},"20":{"start":{"line":35,"column":19},"end":{"line":35,"column":45}},"21":{"start":{"line":36,"column":8},"end":{"line":36,"column":22}},"22":{"start":{"line":41,"column":6},"end":{"line":41,"column":29}},"23":{"start":{"line":42,"column":6},"end":{"line":45,"column":9}},"24":{"start":{"line":43,"column":8},"end":{"line":43,"column":47}},"25":{"start":{"line":43,"column":19},"end":{"line":43,"column":45}},"26":{"start":{"line":44,"column":8},"end":{"line":44,"column":22}},"27":{"start":{"line":50,"column":2},"end":{"line":50,"column":24}}},"branchMap":{"1":{"line":11,"type":"if","locations":[{"start":{"line":11,"column":8},"end":{"line":11,"column":8}},{"start":{"line":11,"column":8},"end":{"line":11,"column":8}}]},"2":{"line":18,"type":"if","locations":[{"start":{"line":18,"column":8},"end":{"line":18,"column":8}},{"start":{"line":18,"column":8},"end":{"line":18,"column":8}}]},"3":{"line":26,"type":"if","locations":[{"start":{"line":26,"column":8},"end":{"line":26,"column":8}},{"start":{"line":26,"column":8},"end":{"line":26,"column":8}}]},"4":{"line":35,"type":"if","locations":[{"start":{"line":35,"column":8},"end":{"line":35,"column":8}},{"start":{"line":35,"column":8},"end":{"line":35,"column":8}}]},"5":{"line":43,"type":"if","locations":[{"start":{"line":43,"column":8},"end":{"line":43,"column":8}},{"start":{"line":43,"column":8},"end":{"line":43,"column":8}}]}},"l":{"3":1,"5":1,"7":1,"10":1,"11":1,"12":1,"17":0,"18":0,"19":0,"24":1,"25":1,"26":1,"27":1,"32":1,"34":1,"35":1,"36":1,"41":1,"42":1,"43":1,"44":1,"50":1}},
"/Users/rafaeljesus/maremar/app/controllers/vehicle.js":{"path":"/Users/rafaeljesus/maremar/app/controllers/vehicle.js","s":{"1":1,"2":1,"3":1,"4":2,"5":0,"6":2,"7":2,"8":1,"9":1,"10":1,"11":2,"12":2,"13":2,"14":2,"15":2,"16":2,"17":2,"18":1,"19":1,"20":0,"21":1,"22":1,"23":1,"24":1,"25":1,"26":1,"27":1,"28":1,"29":0,"30":1,"31":1,"32":1,"33":1,"34":0,"35":1,"36":1,"37":1,"38":1,"39":0,"40":1,"41":1,"42":1},"b":{"1":[0,2],"2":[2,0],"3":[2,0],"4":[1,1],"5":[0,1],"6":[0,1],"7":[0,1],"8":[0,1]},"f":{"1":1,"2":2,"3":1,"4":1,"5":2,"6":2,"7":1,"8":1,"9":1,"10":1,"11":1,"12":1,"13":1},"fnMap":{"1":{"name":"(anonymous_1)","line":3,"loc":{"start":{"line":3,"column":17},"end":{"line":3,"column":31}}},"2":{"name":"(anonymous_2)","line":9,"loc":{"start":{"line":9,"column":15},"end":{"line":9,"column":37}}},"3":{"name":"(anonymous_3)","line":17,"loc":{"start":{"line":17,"column":11},"end":{"line":17,"column":30}}},"4":{"name":"(anonymous_4)","line":18,"loc":{"start":{"line":18,"column":23},"end":{"line":18,"column":47}}},"5":{"name":"(anonymous_5)","line":23,"loc":{"start":{"line":23,"column":10},"end":{"line":23,"column":29}}},"6":{"name":"(anonymous_6)","line":28,"loc":{"start":{"line":28,"column":22},"end":{"line":28,"column":51}}},"7":{"name":"(anonymous_7)","line":39,"loc":{"start":{"line":39,"column":38},"end":{"line":39,"column":57}}},"8":{"name":"(anonymous_8)","line":45,"loc":{"start":{"line":45,"column":21},"end":{"line":45,"column":35}}},"9":{"name":"(anonymous_9)","line":50,"loc":{"start":{"line":50,"column":34},"end":{"line":50,"column":53}}},"10":{"name":"(anonymous_10)","line":58,"loc":{"start":{"line":58,"column":10},"end":{"line":58,"column":29}}},"11":{"name":"(anonymous_11)","line":60,"loc":{"start":{"line":60,"column":27},"end":{"line":60,"column":50}}},"12":{"name":"(anonymous_12)","line":66,"loc":{"start":{"line":66,"column":11},"end":{"line":66,"column":30}}},"13":{"name":"(anonymous_13)","line":68,"loc":{"start":{"line":68,"column":49},"end":{"line":68,"column":68}}}},"statementMap":{"1":{"start":{"line":3,"column":0},"end":{"line":78,"column":2}},"2":{"start":{"line":5,"column":2},"end":{"line":7,"column":35}},"3":{"start":{"line":9,"column":2},"end":{"line":13,"column":4}},"4":{"start":{"line":10,"column":4},"end":{"line":10,"column":26}},"5":{"start":{"line":10,"column":17},"end":{"line":10,"column":24}},"6":{"start":{"line":11,"column":4},"end":{"line":11,"column":53}},"7":{"start":{"line":12,"column":4},"end":{"line":12,"column":34}},"8":{"start":{"line":15,"column":2},"end":{"line":74,"column":4}},"9":{"start":{"line":18,"column":6},"end":{"line":20,"column":9}},"10":{"start":{"line":19,"column":8},"end":{"line":19,"column":27}},"11":{"start":{"line":24,"column":6},"end":{"line":24,"column":47}},"12":{"start":{"line":25,"column":6},"end":{"line":25,"column":30}},"13":{"start":{"line":26,"column":6},"end":{"line":26,"column":40}},"14":{"start":{"line":27,"column":6},"end":{"line":27,"column":30}},"15":{"start":{"line":28,"column":6},"end":{"line":55,"column":9}},"16":{"start":{"line":29,"column":8},"end":{"line":37,"column":10}},"17":{"start":{"line":38,"column":8},"end":{"line":54,"column":9}},"18":{"start":{"line":39,"column":10},"end":{"line":48,"column":13}},"19":{"start":{"line":40,"column":12},"end":{"line":40,"column":51}},"20":{"start":{"line":40,"column":23},"end":{"line":40,"column":49}},"21":{"start":{"line":41,"column":12},"end":{"line":41,"column":36}},"22":{"start":{"line":42,"column":12},"end":{"line":42,"column":40}},"23":{"start":{"line":43,"column":12},"end":{"line":43,"column":44}},"24":{"start":{"line":44,"column":12},"end":{"line":44,"column":42}},"25":{"start":{"line":45,"column":12},"end":{"line":47,"column":15}},"26":{"start":{"line":46,"column":14},"end":{"line":46,"column":28}},"27":{"start":{"line":50,"column":10},"end":{"line":53,"column":13}},"28":{"start":{"line":51,"column":12},"end":{"line":51,"column":51}},"29":{"start":{"line":51,"column":23},"end":{"line":51,"column":49}},"30":{"start":{"line":52,"column":12},"end":{"line":52,"column":31}},"31":{"start":{"line":59,"column":6},"end":{"line":59,"column":29}},"32":{"start":{"line":60,"column":6},"end":{"line":63,"column":9}},"33":{"start":{"line":61,"column":8},"end":{"line":61,"column":42}},"34":{"start":{"line":61,"column":19},"end":{"line":61,"column":40}},"35":{"start":{"line":62,"column":8},"end":{"line":62,"column":26}},"36":{"start":{"line":67,"column":6},"end":{"line":67,"column":33}},"37":{"start":{"line":68,"column":6},"end":{"line":72,"column":9}},"38":{"start":{"line":69,"column":8},"end":{"line":69,"column":42}},"39":{"start":{"line":69,"column":19},"end":{"line":69,"column":40}},"40":{"start":{"line":70,"column":8},"end":{"line":70,"column":60}},"41":{"start":{"line":71,"column":8},"end":{"line":71,"column":33}},"42":{"start":{"line":76,"column":2},"end":{"line":76,"column":27}}},"branchMap":{"1":{"line":10,"type":"if","locations":[{"start":{"line":10,"column":4},"end":{"line":10,"column":4}},{"start":{"line":10,"column":4},"end":{"line":10,"column":4}}]},"2":{"line":34,"type":"binary-expr","locations":[{"start":{"line":34,"column":23},"end":{"line":34,"column":33}},{"start":{"line":34,"column":37},"end":{"line":34,"column":39}}]},"3":{"line":35,"type":"binary-expr","locations":[{"start":{"line":35,"column":26},"end":{"line":35,"column":36}},{"start":{"line":35,"column":40},"end":{"line":35,"column":42}}]},"4":{"line":38,"type":"if","locations":[{"start":{"line":38,"column":8},"end":{"line":38,"column":8}},{"start":{"line":38,"column":8},"end":{"line":38,"column":8}}]},"5":{"line":40,"type":"if","locations":[{"start":{"line":40,"column":12},"end":{"line":40,"column":12}},{"start":{"line":40,"column":12},"end":{"line":40,"column":12}}]},"6":{"line":51,"type":"if","locations":[{"start":{"line":51,"column":12},"end":{"line":51,"column":12}},{"start":{"line":51,"column":12},"end":{"line":51,"column":12}}]},"7":{"line":61,"type":"if","locations":[{"start":{"line":61,"column":8},"end":{"line":61,"column":8}},{"start":{"line":61,"column":8},"end":{"line":61,"column":8}}]},"8":{"line":69,"type":"if","locations":[{"start":{"line":69,"column":8},"end":{"line":69,"column":8}},{"start":{"line":69,"column":8},"end":{"line":69,"column":8}}]}},"l":{"3":1,"5":1,"9":1,"10":2,"11":2,"12":2,"15":1,"18":1,"19":1,"24":2,"25":2,"26":2,"27":2,"28":2,"29":2,"38":2,"39":1,"40":1,"41":1,"42":1,"43":1,"44":1,"45":1,"46":1,"50":1,"51":1,"52":1,"59":1,"60":1,"61":1,"62":1,"67":1,"68":1,"69":1,"70":1,"71":1,"76":1}},
"/Users/rafaeljesus/maremar/app/routes/authentication.js":{"path":"/Users/rafaeljesus/maremar/app/routes/authentication.js","s":{"1":1,"2":1,"3":1,"4":1,"5":1,"6":1},"b":{},"f":{"1":1},"fnMap":{"1":{"name":"(anonymous_1)","line":3,"loc":{"start":{"line":3,"column":17},"end":{"line":3,"column":31}}}},"statementMap":{"1":{"start":{"line":3,"column":0},"end":{"line":11,"column":2}},"2":{"start":{"line":5,"column":2},"end":{"line":5,"column":44}},"3":{"start":{"line":7,"column":2},"end":{"line":7,"column":42}},"4":{"start":{"line":8,"column":2},"end":{"line":8,"column":38}},"5":{"start":{"line":9,"column":2},"end":{"line":9,"column":36}},"6":{"start":{"line":10,"column":2},"end":{"line":10,"column":45}}},"branchMap":{},"l":{"3":1,"5":1,"7":1,"8":1,"9":1,"10":1}},
"/Users/rafaeljesus/maremar/app/routes/home.js":{"path":"/Users/rafaeljesus/maremar/app/routes/home.js","s":{"1":1,"2":1,"3":1},"b":{},"f":{"1":1},"fnMap":{"1":{"name":"(anonymous_1)","line":3,"loc":{"start":{"line":3,"column":17},"end":{"line":3,"column":31}}}},"statementMap":{"1":{"start":{"line":3,"column":0},"end":{"line":6,"column":2}},"2":{"start":{"line":4,"column":2},"end":{"line":4,"column":34}},"3":{"start":{"line":5,"column":2},"end":{"line":5,"column":27}}},"branchMap":{},"l":{"3":1,"4":1,"5":1}},
"/Users/rafaeljesus/maremar/app/routes/trip.js":{"path":"/Users/rafaeljesus/maremar/app/routes/trip.js","s":{"1":1,"2":1,"3":1,"4":1,"5":1,"6":1,"7":1},"b":{},"f":{"1":1},"fnMap":{"1":{"name":"(anonymous_1)","line":3,"loc":{"start":{"line":3,"column":17},"end":{"line":3,"column":31}}}},"statementMap":{"1":{"start":{"line":3,"column":0},"end":{"line":12,"column":2}},"2":{"start":{"line":5,"column":2},"end":{"line":5,"column":34}},"3":{"start":{"line":7,"column":2},"end":{"line":7,"column":32}},"4":{"start":{"line":8,"column":2},"end":{"line":8,"column":46}},"5":{"start":{"line":9,"column":2},"end":{"line":9,"column":35}},"6":{"start":{"line":10,"column":2},"end":{"line":10,"column":34}},"7":{"start":{"line":11,"column":2},"end":{"line":11,"column":37}}},"branchMap":{},"l":{"3":1,"5":1,"7":1,"8":1,"9":1,"10":1,"11":1}},
"/Users/rafaeljesus/maremar/app/routes/vehicle.js":{"path":"/Users/rafaeljesus/maremar/app/routes/vehicle.js","s":{"1":1,"2":1,"3":1,"4":1,"5":1,"6":1},"b":{},"f":{"1":1},"fnMap":{"1":{"name":"(anonymous_1)","line":3,"loc":{"start":{"line":3,"column":17},"end":{"line":3,"column":31}}}},"statementMap":{"1":{"start":{"line":3,"column":0},"end":{"line":11,"column":2}},"2":{"start":{"line":5,"column":2},"end":{"line":5,"column":40}},"3":{"start":{"line":7,"column":2},"end":{"line":7,"column":38}},"4":{"start":{"line":8,"column":2},"end":{"line":8,"column":41}},"5":{"start":{"line":9,"column":2},"end":{"line":9,"column":50}},"6":{"start":{"line":10,"column":2},"end":{"line":10,"column":38}}},"branchMap":{},"l":{"3":1,"5":1,"7":1,"8":1,"9":1,"10":1}},
"/Users/rafaeljesus/maremar/lib/sync-trips.js":{"path":"/Users/rafaeljesus/maremar/lib/sync-trips.js","s":{"1":1,"2":1,"3":1,"4":0,"5":0,"6":0},"b":{},"f":{"1":1,"2":0,"3":0,"4":0},"fnMap":{"1":{"name":"(anonymous_1)","line":3,"loc":{"start":{"line":3,"column":17},"end":{"line":3,"column":30}}},"2":{"name":"(anonymous_2)","line":9,"loc":{"start":{"line":9,"column":27},"end":{"line":9,"column":45}}},"3":{"name":"(anonymous_3)","line":10,"loc":{"start":{"line":10,"column":29},"end":{"line":10,"column":47}}},"4":{"name":"(anonymous_4)","line":11,"loc":{"start":{"line":11,"column":30},"end":{"line":11,"column":49}}}},"statementMap":{"1":{"start":{"line":3,"column":0},"end":{"line":16,"column":2}},"2":{"start":{"line":5,"column":2},"end":{"line":7,"column":37}},"3":{"start":{"line":9,"column":2},"end":{"line":15,"column":5}},"4":{"start":{"line":10,"column":4},"end":{"line":14,"column":7}},"5":{"start":{"line":11,"column":6},"end":{"line":13,"column":9}},"6":{"start":{"line":12,"column":8},"end":{"line":12,"column":76}}},"branchMap":{},"l":{"3":1,"5":1,"9":1,"10":0,"11":0,"12":0}}}
