TN:
SF:/Users/rafaeljesus/maremar/lib/redis-connect.js
FN:7,(anonymous_1)
FN:11,(anonymous_2)
FNF:2
FNH:2
FNDA:1,(anonymous_1)
FNDA:1,(anonymous_2)
DA:3,1
DA:7,1
DA:8,1
DA:11,1
DA:12,1
LF:5
LH:5
BRF:0
BRH:0
end_of_record
TN:
SF:/Users/rafaeljesus/maremar/app/models/trip.js
FN:3,(anonymous_1)
FN:26,(anonymous_2)
FN:31,(anonymous_3)
FN:36,(anonymous_4)
FN:43,(anonymous_5)
FN:44,(anonymous_6)
FN:50,(anonymous_7)
FN:51,(anonymous_8)
FN:57,(anonymous_9)
FN:64,(anonymous_10)
FN:70,(anonymous_11)
FNF:11
FNH:9
FNDA:1,(anonymous_1)
FNDA:3,(anonymous_2)
FNDA:1,(anonymous_3)
FNDA:4,(anonymous_4)
FNDA:2,(anonymous_5)
FNDA:2,(anonymous_6)
FNDA:1,(anonymous_7)
FNDA:1,(anonymous_8)
FNDA:0,(anonymous_9)
FNDA:0,(anonymous_10)
FNDA:9,(anonymous_11)
DA:3,1
DA:5,1
DA:9,1
DA:26,1
DA:27,3
DA:28,3
DA:31,1
DA:32,1
DA:33,1
DA:36,1
DA:37,4
DA:40,4
DA:43,1
DA:44,2
DA:45,2
DA:46,2
DA:50,1
DA:51,1
DA:52,1
DA:53,1
DA:57,1
DA:58,0
DA:65,0
DA:66,0
DA:70,1
DA:71,9
DA:72,9
DA:73,9
DA:74,9
DA:76,9
DA:77,9
DA:78,114
DA:81,9
DA:84,1
LF:34
LH:31
BRDA:45,1,0,0
BRDA:45,1,1,2
BRDA:52,2,0,0
BRDA:52,2,1,1
BRDA:65,3,0,0
BRDA:65,3,1,0
BRDA:73,4,0,9
BRDA:73,4,1,0
BRDA:76,5,0,9
BRDA:76,5,1,0
BRF:10
BRH:4
end_of_record
TN:
SF:/Users/rafaeljesus/maremar/lib/db-connect.js
FN:10,(anonymous_1)
FNF:1
FNH:1
FNDA:3,(anonymous_1)
DA:3,1
DA:10,1
DA:11,3
DA:12,3
DA:13,1
DA:15,3
LF:6
LH:6
BRDA:12,1,0,1
BRDA:12,1,1,2
BRF:2
BRH:2
end_of_record
TN:
SF:/Users/rafaeljesus/maremar/app/models/user.js
FN:3,(anonymous_1)
FN:24,(anonymous_2)
FN:32,(anonymous_3)
FN:38,(anonymous_4)
FN:41,(anonymous_5)
FN:47,(anonymous_6)
FN:51,(anonymous_7)
FN:57,(anonymous_8)
FN:58,(anonymous_9)
FN:77,(anonymous_10)
FNF:10
FNH:8
FNDA:1,(anonymous_1)
FNDA:12,(anonymous_2)
FNDA:12,(anonymous_3)
FNDA:3,(anonymous_4)
FNDA:3,(anonymous_5)
FNDA:1,(anonymous_6)
FNDA:1,(anonymous_7)
FNDA:0,(anonymous_8)
FNDA:0,(anonymous_9)
FNDA:11,(anonymous_10)
DA:3,1
DA:5,1
DA:9,1
DA:24,1
DA:25,12
DA:26,12
DA:27,12
DA:32,12
DA:33,12
DA:34,11
DA:38,1
DA:39,3
DA:40,3
DA:41,3
DA:42,3
DA:43,3
DA:47,1
DA:48,1
DA:49,1
DA:50,1
DA:51,1
DA:52,1
DA:53,1
DA:57,1
DA:58,0
DA:59,0
DA:77,1
DA:78,11
DA:79,11
DA:80,11
DA:81,11
DA:83,11
DA:86,1
LF:33
LH:31
BRDA:33,1,0,1
BRDA:33,1,1,11
BRDA:42,2,0,0
BRDA:42,2,1,3
BRDA:52,3,0,0
BRDA:52,3,1,1
BRDA:59,4,0,0
BRDA:59,4,1,0
BRDA:80,5,0,11
BRDA:80,5,1,0
BRF:10
BRH:5
end_of_record
TN:
SF:/Users/rafaeljesus/maremar/app/models/vehicle.js
FN:3,(anonymous_1)
FN:17,(anonymous_2)
FNF:2
FNH:2
FNDA:1,(anonymous_1)
FNDA:12,(anonymous_2)
DA:3,1
DA:5,1
DA:8,1
DA:17,1
DA:18,12
DA:19,12
DA:20,12
DA:21,11
DA:23,12
DA:26,1
LF:10
LH:10
BRDA:20,1,0,11
BRDA:20,1,1,1
BRF:2
BRH:2
end_of_record
TN:
SF:/Users/rafaeljesus/maremar/app/controllers/authentication.js
FN:3,(anonymous_1)
FN:9,(anonymous_2)
FN:10,(anonymous_3)
FN:21,(anonymous_4)
FN:22,(anonymous_5)
FN:33,(anonymous_6)
FN:36,(anonymous_7)
FN:42,(anonymous_8)
FNF:8
FNH:8
FNDA:1,(anonymous_1)
FNDA:1,(anonymous_2)
FNDA:1,(anonymous_3)
FNDA:1,(anonymous_4)
FNDA:1,(anonymous_5)
FNDA:1,(anonymous_6)
FNDA:1,(anonymous_7)
FNDA:1,(anonymous_8)
DA:3,1
DA:5,1
DA:7,1
DA:10,1
DA:11,1
DA:12,1
DA:17,1
DA:22,1
DA:23,1
DA:24,1
DA:29,1
DA:34,1
DA:36,1
DA:37,1
DA:38,1
DA:43,1
DA:44,1
DA:48,1
LF:18
LH:18
BRDA:11,1,0,0
BRDA:11,1,1,1
BRDA:23,2,0,0
BRDA:23,2,1,1
BRDA:37,3,0,0
BRDA:37,3,1,1
BRF:6
BRH:3
end_of_record
TN:
SF:/Users/rafaeljesus/maremar/app/controllers/home.js
FN:3,(anonymous_1)
FN:6,(anonymous_2)
FNF:2
FNH:2
FNDA:1,(anonymous_1)
FNDA:1,(anonymous_2)
DA:3,1
DA:5,1
DA:7,1
DA:11,1
LF:4
LH:4
BRF:0
BRH:0
end_of_record
TN:
SF:/Users/rafaeljesus/maremar/app/controllers/trip.js
FN:3,(anonymous_1)
FN:9,(anonymous_2)
FN:10,(anonymous_3)
FN:16,(anonymous_4)
FN:17,(anonymous_5)
FN:23,(anonymous_6)
FN:25,(anonymous_7)
FN:31,(anonymous_8)
FN:34,(anonymous_9)
FN:40,(anonymous_10)
FN:42,(anonymous_11)
FNF:11
FNH:9
FNDA:1,(anonymous_1)
FNDA:1,(anonymous_2)
FNDA:1,(anonymous_3)
FNDA:0,(anonymous_4)
FNDA:0,(anonymous_5)
FNDA:1,(anonymous_6)
FNDA:1,(anonymous_7)
FNDA:1,(anonymous_8)
FNDA:1,(anonymous_9)
FNDA:1,(anonymous_10)
FNDA:1,(anonymous_11)
DA:3,1
DA:5,1
DA:7,1
DA:10,1
DA:11,1
DA:12,1
DA:17,0
DA:18,0
DA:19,0
DA:24,1
DA:25,1
DA:26,1
DA:27,1
DA:32,1
DA:34,1
DA:35,1
DA:36,1
DA:41,1
DA:42,1
DA:43,1
DA:44,1
DA:50,1
LF:22
LH:19
BRDA:11,1,0,0
BRDA:11,1,1,1
BRDA:18,2,0,0
BRDA:18,2,1,0
BRDA:26,3,0,0
BRDA:26,3,1,1
BRDA:35,4,0,0
BRDA:35,4,1,1
BRDA:43,5,0,0
BRDA:43,5,1,1
BRF:10
BRH:4
end_of_record
TN:
SF:/Users/rafaeljesus/maremar/app/controllers/vehicle.js
FN:3,(anonymous_1)
FN:9,(anonymous_2)
FN:17,(anonymous_3)
FN:18,(anonymous_4)
FN:23,(anonymous_5)
FN:28,(anonymous_6)
FN:39,(anonymous_7)
FN:45,(anonymous_8)
FN:50,(anonymous_9)
FN:58,(anonymous_10)
FN:60,(anonymous_11)
FN:66,(anonymous_12)
FN:68,(anonymous_13)
FNF:13
FNH:13
FNDA:1,(anonymous_1)
FNDA:2,(anonymous_2)
FNDA:1,(anonymous_3)
FNDA:1,(anonymous_4)
FNDA:2,(anonymous_5)
FNDA:2,(anonymous_6)
FNDA:1,(anonymous_7)
FNDA:1,(anonymous_8)
FNDA:1,(anonymous_9)
FNDA:1,(anonymous_10)
FNDA:1,(anonymous_11)
FNDA:1,(anonymous_12)
FNDA:1,(anonymous_13)
DA:3,1
DA:5,1
DA:9,1
DA:10,2
DA:11,2
DA:12,2
DA:15,1
DA:18,1
DA:19,1
DA:24,2
DA:25,2
DA:26,2
DA:27,2
DA:28,2
DA:29,2
DA:38,2
DA:39,1
DA:40,1
DA:41,1
DA:42,1
DA:43,1
DA:44,1
DA:45,1
DA:46,1
DA:50,1
DA:51,1
DA:52,1
DA:59,1
DA:60,1
DA:61,1
DA:62,1
DA:67,1
DA:68,1
DA:69,1
DA:70,1
DA:71,1
DA:76,1
LF:37
LH:37
BRDA:10,1,0,0
BRDA:10,1,1,2
BRDA:34,2,0,2
BRDA:34,2,1,0
BRDA:35,3,0,2
BRDA:35,3,1,0
BRDA:38,4,0,1
BRDA:38,4,1,1
BRDA:40,5,0,0
BRDA:40,5,1,1
BRDA:51,6,0,0
BRDA:51,6,1,1
BRDA:61,7,0,0
BRDA:61,7,1,1
BRDA:69,8,0,0
BRDA:69,8,1,1
BRF:16
BRH:9
end_of_record
TN:
SF:/Users/rafaeljesus/maremar/app/routes/authentication.js
FN:3,(anonymous_1)
FNF:1
FNH:1
FNDA:1,(anonymous_1)
DA:3,1
DA:5,1
DA:7,1
DA:8,1
DA:9,1
DA:10,1
LF:6
LH:6
BRF:0
BRH:0
end_of_record
TN:
SF:/Users/rafaeljesus/maremar/app/routes/home.js
FN:3,(anonymous_1)
FNF:1
FNH:1
FNDA:1,(anonymous_1)
DA:3,1
DA:4,1
DA:5,1
LF:3
LH:3
BRF:0
BRH:0
end_of_record
TN:
SF:/Users/rafaeljesus/maremar/app/routes/trip.js
FN:3,(anonymous_1)
FNF:1
FNH:1
FNDA:1,(anonymous_1)
DA:3,1
DA:5,1
DA:7,1
DA:8,1
DA:9,1
DA:10,1
DA:11,1
LF:7
LH:7
BRF:0
BRH:0
end_of_record
TN:
SF:/Users/rafaeljesus/maremar/app/routes/vehicle.js
FN:3,(anonymous_1)
FNF:1
FNH:1
FNDA:1,(anonymous_1)
DA:3,1
DA:5,1
DA:7,1
DA:8,1
DA:9,1
DA:10,1
LF:6
LH:6
BRF:0
BRH:0
end_of_record
TN:
SF:/Users/rafaeljesus/maremar/lib/sync-trips.js
FN:3,(anonymous_1)
FN:9,(anonymous_2)
FN:10,(anonymous_3)
FN:11,(anonymous_4)
FNF:4
FNH:1
FNDA:1,(anonymous_1)
FNDA:0,(anonymous_2)
FNDA:0,(anonymous_3)
FNDA:0,(anonymous_4)
DA:3,1
DA:5,1
DA:9,1
DA:10,0
DA:11,0
DA:12,0
LF:6
LH:3
BRF:0
BRH:0
end_of_record
